New URL : https://music.youtube.com/watch?v=zVBqUv3qJik
msg
msg
msg
msg
msg
msg
WARNING: [youtube] zVBqUv3qJik: Signature extraction failed: Some formats may be missing
msg
WARNING: [youtube] Failed to download m3u8 information: <urllib3.connection.HTTPSConnection object at 0x0000023871D45130>: Failed to resolve 'manifest.googlevideo.com' ([Errno 11001] getaddrinfo failed)
NEW URL : https://music.youtube.com/watch?v=GnhubyNO6KQ
[youtube] Extracting URL: https://music.youtube.com/watch?v=GnhubyNO6KQ
[youtube] GnhubyNO6KQ: Downloading webpage
WARNING: [youtube] Unable to download webpage: <urllib3.connection.HTTPSConnection object at 0x000001FBECEFDBE0>: Failed to resolve 'www.youtube.com' ([Errno 11001] getaddrinfo failed)
[youtube] GnhubyNO6KQ: Downloading ios player API JSON
WARNING: [youtube] <urllib3.connection.HTTPSConnection object at 0x000001FBECEFF8F0>: Failed to resolve 'www.youtube.com' ([Errno 11001] getaddrinfo failed). Retrying (1/3)...
[youtube] GnhubyNO6KQ: Downloading ios player API JSON
WARNING: [youtube] <urllib3.connection.HTTPSConnection object at 0x000001FBE4552780>: Failed to resolve 'www.youtube.com' ([Errno 11001] getaddrinfo failed). Retrying (2/3)...
[youtube] GnhubyNO6KQ: Downloading ios player API JSON
WARNING: [youtube] <urllib3.connection.HTTPSConnection object at 0x000001FBECEFCFE0>: Failed to resolve 'www.youtube.com' ([Errno 11001] getaddrinfo failed). Retrying (3/3)...
[youtube] GnhubyNO6KQ: Downloading ios player API JSON
WARNING: [youtube] Unable to download API page: <urllib3.connection.HTTPSConnection object at 0x000001FBECEF9190>: Failed to resolve 'www.youtube.com' ([Errno 11001] getaddrinfo failed) (caused by TransportError("<urllib3.connection.HTTPSConnection object at 0x000001FBECEF9190>: Failed to resolve 'www.youtube.com' ([Errno 11001] getaddrinfo failed)"))
[youtube] GnhubyNO6KQ: Downloading iframe API JS
WARNING: [youtube] Unable to download webpage: <urllib3.connection.HTTPSConnection object at 0x000001FBECEFF9B0>: Failed to resolve 'www.youtube.com' ([Errno 11001] getaddrinfo failed)
[youtube] GnhubyNO6KQ: Downloading mweb player API JSON
WARNING: [youtube] <urllib3.connection.HTTPSConnection object at 0x000001FBECEFA5A0>: Failed to resolve 'www.youtube.com' ([Errno 11001] getaddrinfo failed). Retrying (1/3)...
[youtube] GnhubyNO6KQ: Downloading mweb player API JSON
WARNING: [youtube] <urllib3.connection.HTTPSConnection object at 0x000001FBECEFFB60>: Failed to resolve 'www.youtube.com' ([Errno 11001] getaddrinfo failed). Retrying (2/3)...
[youtube] GnhubyNO6KQ: Downloading mweb player API JSON
WARNING: [youtube] <urllib3.connection.HTTPSConnection object at 0x000001FBECEFFB90>: Failed to resolve 'www.youtube.com' ([Errno 11001] getaddrinfo failed). Retrying (3/3)...
[youtube] GnhubyNO6KQ: Downloading mweb player API JSON
WARNING: [youtube] Unable to download API page: <urllib3.connection.HTTPSConnection object at 0x000001FBECEFDBE0>: Failed to resolve 'www.youtube.com' ([Errno 11001] getaddrinfo failed) (caused by TransportError("<urllib3.connection.HTTPSConnection object at 0x000001FBECEFDBE0>: Failed to resolve 'www.youtube.com' ([Errno 11001] getaddrinfo failed)"))
[youtube] GnhubyNO6KQ: Downloading ios music player API JSON
WARNING: [youtube] <urllib3.connection.HTTPSConnection object at 0x000001FBECEF9400>: Failed to resolve 'www.youtube.com' ([Errno 11001] getaddrinfo failed). Retrying (1/3)...
[youtube] GnhubyNO6KQ: Downloading ios music player API JSON
WARNING: [youtube] <urllib3.connection.HTTPSConnection object at 0x000001FBECEFF1D0>: Failed to resolve 'www.youtube.com' ([Errno 11001] getaddrinfo failed). Retrying (2/3)...
[youtube] GnhubyNO6KQ: Downloading ios music player API JSON
WARNING: [youtube] <urllib3.connection.HTTPSConnection object at 0x000001FBECEF8FE0>: Failed to resolve 'www.youtube.com' ([Errno 11001] getaddrinfo failed). Retrying (3/3)...
[youtube] GnhubyNO6KQ: Downloading ios music player API JSON
WARNING: [youtube] Unable to download API page: <urllib3.connection.HTTPSConnection object at 0x000001FBECEFE750>: Failed to resolve 'www.youtube.com' ([Errno 11001] getaddrinfo failed) (caused by TransportError("<urllib3.connection.HTTPSConnection object at 0x000001FBECEFE750>: Failed to resolve 'www.youtube.com' ([Errno 11001] getaddrinfo failed)"))
ERROR: [0;31mERROR:[0m [youtube] GnhubyNO6KQ: Failed to extract any player response; please report this issue on  https://github.com/yt-dlp/yt-dlp/issues?q= , filling out the appropriate issue template. Confirm you are on the latest version using  yt-dlp -U
NEW URL : https://music.youtube.com/watch?v=GnhubyNO6KQ
[youtube] Extracting URL: https://music.youtube.com/watch?v=GnhubyNO6KQ
[youtube] GnhubyNO6KQ: Downloading webpage
[youtube] GnhubyNO6KQ: Downloading ios player API JSON
[youtube] GnhubyNO6KQ: Downloading mweb player API JSON
[youtube] GnhubyNO6KQ: Downloading ios music player API JSON
[youtube] GnhubyNO6KQ: Downloading player 1080ef44
WARNING: [youtube] GnhubyNO6KQ: Signature extraction failed: Some formats may be missing
[youtube] GnhubyNO6KQ: Downloading m3u8 information
WARNING: [youtube] Failed to download m3u8 information: <urllib3.connection.HTTPSConnection object at 0x000001FBEE84A360>: Failed to resolve 'manifest.googlevideo.com' ([Errno 11001] getaddrinfo failed)
NEW URL : https://music.youtube.com/watch?v=GnhubyNO6KQ
[youtube] Extracting URL: https://music.youtube.com/watch?v=GnhubyNO6KQ
[youtube] GnhubyNO6KQ: Downloading webpage
[youtube] GnhubyNO6KQ: Downloading ios player API JSON
[youtube] GnhubyNO6KQ: Downloading mweb player API JSON
[youtube] GnhubyNO6KQ: Downloading ios music player API JSON
[youtube] GnhubyNO6KQ: Downloading player 37364e28
WARNING: [youtube] GnhubyNO6KQ: Signature extraction failed: Some formats may be missing
[youtube] GnhubyNO6KQ: Downloading m3u8 information
NEW URL : https://music.youtube.com/watch?v=1_Yflcii4Fo
[youtube] Extracting URL: https://music.youtube.com/watch?v=1_Yflcii4Fo
[youtube] 1_Yflcii4Fo: Downloading webpage
[youtube] 1_Yflcii4Fo: Downloading ios player API JSON
[youtube] 1_Yflcii4Fo: Downloading mweb player API JSON
[youtube] 1_Yflcii4Fo: Downloading ios music player API JSON
[youtube] 1_Yflcii4Fo: Downloading player 37364e28
WARNING: [youtube] 1_Yflcii4Fo: Signature extraction failed: Some formats may be missing
[youtube] 1_Yflcii4Fo: Downloading m3u8 information
WARNING: [youtube] Failed to download m3u8 information: <urllib3.connection.HTTPSConnection object at 0x0000015A07AED2E0>: Failed to resolve 'manifest.googlevideo.com' ([Errno 11001] getaddrinfo failed)
NEW URL : https://music.youtube.com/watch?v=FxEiWg2IeZc
[youtube] Extracting URL: https://music.youtube.com/watch?v=FxEiWg2IeZc
[youtube] FxEiWg2IeZc: Downloading webpage
[youtube] FxEiWg2IeZc: Downloading ios player API JSON
[youtube] FxEiWg2IeZc: Downloading mweb player API JSON
[youtube] FxEiWg2IeZc: Downloading ios music player API JSON
[youtube] FxEiWg2IeZc: Downloading player 37364e28
WARNING: [youtube] FxEiWg2IeZc: Signature extraction failed: Some formats may be missing
[youtube] FxEiWg2IeZc: Downloading m3u8 information
WARNING: [youtube] Failed to download m3u8 information: <urllib3.connection.HTTPSConnection object at 0x00000199EF7428A0>: Failed to resolve 'manifest.googlevideo.com' ([Errno 11001] getaddrinfo failed)
NEW URL : https://music.youtube.com/watch?v=NvkV2K_nfxs&si=g4ldA_rA4CoeZ61a
[youtube] Extracting URL: https://music.youtube.com/watch?v=NvkV2K_nfxs&si=g4ldA_rA4CoeZ61a
[youtube] NvkV2K_nfxs: Downloading webpage
[youtube] NvkV2K_nfxs: Downloading ios player API JSON
[youtube] NvkV2K_nfxs: Downloading mweb player API JSON
[youtube] NvkV2K_nfxs: Downloading ios music player API JSON
[youtube] NvkV2K_nfxs: Downloading player 37364e28
WARNING: [youtube] NvkV2K_nfxs: Signature extraction failed: Some formats may be missing
[youtube] NvkV2K_nfxs: Downloading m3u8 information
NEW URL : https://music.youtube.com/watch?v=eNJKEmAi9DU
[youtube] Extracting URL: https://music.youtube.com/watch?v=eNJKEmAi9DU
[youtube] eNJKEmAi9DU: Downloading webpage
[youtube] eNJKEmAi9DU: Downloading ios player API JSON
[youtube] eNJKEmAi9DU: Downloading mweb player API JSON
[youtube] eNJKEmAi9DU: Downloading ios music player API JSON
[youtube] eNJKEmAi9DU: Downloading player 37364e28
WARNING: [youtube] eNJKEmAi9DU: Signature extraction failed: Some formats may be missing
[youtube] eNJKEmAi9DU: Downloading m3u8 information
WARNING: [youtube] Failed to download m3u8 information: <urllib3.connection.HTTPSConnection object at 0x000002312A50DC70>: Failed to resolve 'manifest.googlevideo.com' ([Errno 11001] getaddrinfo failed)
NEW URL : https://music.youtube.com/watch?v=eNJKEmAi9DU&si=NvLXonrxCYC3oRFG
[youtube] Extracting URL: https://music.youtube.com/watch?v=eNJKEmAi9DU&si=NvLXonrxCYC3oRFG
[youtube] eNJKEmAi9DU: Downloading webpage
[youtube] eNJKEmAi9DU: Downloading ios player API JSON
[youtube] eNJKEmAi9DU: Downloading mweb player API JSON
[youtube] eNJKEmAi9DU: Downloading ios music player API JSON
[youtube] eNJKEmAi9DU: Downloading player 37364e28
WARNING: [youtube] eNJKEmAi9DU: Signature extraction failed: Some formats may be missing
[youtube] eNJKEmAi9DU: Downloading m3u8 information
NEW URL : https://music.youtube.com/watch?v=eNJKEmAi9DU&si=NvLXonrxCYC3oRFG
[youtube] Extracting URL: https://music.youtube.com/watch?v=eNJKEmAi9DU&si=NvLXonrxCYC3oRFG
[youtube] eNJKEmAi9DU: Downloading webpage
[youtube] eNJKEmAi9DU: Downloading ios player API JSON
[youtube] eNJKEmAi9DU: Downloading mweb player API JSON
[youtube] eNJKEmAi9DU: Downloading ios music player API JSON
[youtube] eNJKEmAi9DU: Downloading player 37364e28
WARNING: [youtube] eNJKEmAi9DU: Signature extraction failed: Some formats may be missing
[youtube] eNJKEmAi9DU: Downloading m3u8 information
NEW URL : https://music.youtube.com/watch?v=eNJKEmAi9DU&si=NvLXonrxCYC3oRFG
[youtube] Extracting URL: https://music.youtube.com/watch?v=eNJKEmAi9DU&si=NvLXonrxCYC3oRFG
[youtube] eNJKEmAi9DU: Downloading webpage
[youtube] eNJKEmAi9DU: Downloading ios player API JSON
[youtube] eNJKEmAi9DU: Downloading mweb player API JSON
[youtube] eNJKEmAi9DU: Downloading ios music player API JSON
[youtube] eNJKEmAi9DU: Downloading player 37364e28
WARNING: [youtube] eNJKEmAi9DU: Signature extraction failed: Some formats may be missing
[youtube] eNJKEmAi9DU: Downloading m3u8 information
NEW URL : https://music.youtube.com/watch?v=eNJKEmAi9DU
[youtube] Extracting URL: https://music.youtube.com/watch?v=eNJKEmAi9DU
[youtube] eNJKEmAi9DU: Downloading webpage
[youtube] eNJKEmAi9DU: Downloading ios player API JSON
[youtube] eNJKEmAi9DU: Downloading mweb player API JSON
[youtube] eNJKEmAi9DU: Downloading ios music player API JSON
[youtube] eNJKEmAi9DU: Downloading player 37364e28
WARNING: [youtube] eNJKEmAi9DU: Signature extraction failed: Some formats may be missing
[youtube] eNJKEmAi9DU: Downloading m3u8 information
NEW URL : https://music.youtube.com/watch?v=eNJKEmAi9DU
[youtube] Extracting URL: https://music.youtube.com/watch?v=eNJKEmAi9DU
[youtube] eNJKEmAi9DU: Downloading webpage
[youtube] eNJKEmAi9DU: Downloading ios player API JSON
[youtube] eNJKEmAi9DU: Downloading mweb player API JSON
[youtube] eNJKEmAi9DU: Downloading ios music player API JSON
[youtube] eNJKEmAi9DU: Downloading player 37364e28
WARNING: [youtube] eNJKEmAi9DU: Signature extraction failed: Some formats may be missing
[youtube] eNJKEmAi9DU: Downloading m3u8 information
WARNING: [youtube] Failed to download m3u8 information: <urllib3.connection.HTTPSConnection object at 0x0000020F1C70C950>: Failed to resolve 'manifest.googlevideo.com' ([Errno 11001] getaddrinfo failed)
NEW URL : https://music.youtube.com/watch?v=eNJKEmAi9DU&si=NvLXonrxCYC3oRFG
[youtube] Extracting URL: https://music.youtube.com/watch?v=eNJKEmAi9DU&si=NvLXonrxCYC3oRFG
[youtube] eNJKEmAi9DU: Downloading webpage
[youtube] eNJKEmAi9DU: Downloading ios player API JSON
[youtube] eNJKEmAi9DU: Downloading mweb player API JSON
[youtube] eNJKEmAi9DU: Downloading ios music player API JSON
[youtube] eNJKEmAi9DU: Downloading player 37364e28
WARNING: [youtube] eNJKEmAi9DU: Signature extraction failed: Some formats may be missing
[youtube] eNJKEmAi9DU: Downloading m3u8 information
WARNING: [youtube] Failed to download m3u8 information: HTTPSConnectionPool(host='manifest.googlevideo.com', port=443): Read timed out. (read timeout=20.0)
NEW URL : https://music.youtube.com/watch?v=eNJKEmAi9DU
[youtube] Extracting URL: https://music.youtube.com/watch?v=eNJKEmAi9DU
[youtube] eNJKEmAi9DU: Downloading webpage
WARNING: [youtube] Unable to download webpage: <urllib3.connection.HTTPSConnection object at 0x00000113A00721B0>: Failed to resolve 'www.youtube.com' ([Errno 11001] getaddrinfo failed)
[youtube] eNJKEmAi9DU: Downloading ios player API JSON
WARNING: [youtube] HTTPSConnectionPool(host='www.youtube.com', port=443): Read timed out. (read timeout=20.0). Retrying (1/3)...
[youtube] eNJKEmAi9DU: Downloading ios player API JSON
WARNING: [youtube] ('Connection aborted.', ConnectionResetError(10054, 'Une connexion existante a dû être fermée par l’hôte distant', None, 10054, None)). Retrying (2/3)...
[youtube] eNJKEmAi9DU: Downloading ios player API JSON
WARNING: [youtube] ('Connection aborted.', ConnectionResetError(10054, 'Une connexion existante a dû être fermée par l’hôte distant', None, 10054, None)). Retrying (3/3)...
[youtube] eNJKEmAi9DU: Downloading ios player API JSON
WARNING: [youtube] Unable to download API page: ('Connection aborted.', ConnectionResetError(10054, 'Une connexion existante a dû être fermée par l’hôte distant', None, 10054, None)) (caused by TransportError("('Connection aborted.', ConnectionResetError(10054, 'Une connexion existante a dû être fermée par l’hôte distant', None, 10054, None))"))
[youtube] eNJKEmAi9DU: Downloading iframe API JS
WARNING: [youtube] Unable to download webpage: ('Connection aborted.', ConnectionResetError(10054, 'Une connexion existante a dû être fermée par l’hôte distant', None, 10054, None))
[youtube] eNJKEmAi9DU: Downloading mweb player API JSON
WARNING: [youtube] ('Connection aborted.', ConnectionResetError(10054, 'Une connexion existante a dû être fermée par l’hôte distant', None, 10054, None)). Retrying (1/3)...
[youtube] eNJKEmAi9DU: Downloading mweb player API JSON
WARNING: [youtube] <urllib3.connection.HTTPSConnection object at 0x00000113A00EAAB0>: Failed to resolve 'www.youtube.com' ([Errno 11001] getaddrinfo failed). Retrying (2/3)...
[youtube] eNJKEmAi9DU: Downloading mweb player API JSON
WARNING: [youtube] <urllib3.connection.HTTPSConnection object at 0x00000113A0073770>: Failed to resolve 'www.youtube.com' ([Errno 11001] getaddrinfo failed). Retrying (3/3)...
[youtube] eNJKEmAi9DU: Downloading mweb player API JSON
WARNING: [youtube] Unable to download API page: <urllib3.connection.HTTPSConnection object at 0x00000113A00E9430>: Failed to resolve 'www.youtube.com' ([Errno 11001] getaddrinfo failed) (caused by TransportError("<urllib3.connection.HTTPSConnection object at 0x00000113A00E9430>: Failed to resolve 'www.youtube.com' ([Errno 11001] getaddrinfo failed)"))
[youtube] eNJKEmAi9DU: Downloading ios music player API JSON
WARNING: [youtube] <urllib3.connection.HTTPSConnection object at 0x00000113A00E9850>: Failed to resolve 'www.youtube.com' ([Errno 11001] getaddrinfo failed). Retrying (1/3)...
[youtube] eNJKEmAi9DU: Downloading ios music player API JSON
WARNING: [youtube] <urllib3.connection.HTTPSConnection object at 0x00000113A00EB080>: Failed to resolve 'www.youtube.com' ([Errno 11001] getaddrinfo failed). Retrying (2/3)...
[youtube] eNJKEmAi9DU: Downloading ios music player API JSON
WARNING: [youtube] <urllib3.connection.HTTPSConnection object at 0x00000113A00731A0>: Failed to resolve 'www.youtube.com' ([Errno 11001] getaddrinfo failed). Retrying (3/3)...
[youtube] eNJKEmAi9DU: Downloading ios music player API JSON
WARNING: [youtube] Unable to download API page: <urllib3.connection.HTTPSConnection object at 0x00000113A00736E0>: Failed to resolve 'www.youtube.com' ([Errno 11001] getaddrinfo failed) (caused by TransportError("<urllib3.connection.HTTPSConnection object at 0x00000113A00736E0>: Failed to resolve 'www.youtube.com' ([Errno 11001] getaddrinfo failed)"))
ERROR: [0;31mERROR:[0m [youtube] eNJKEmAi9DU: Failed to extract any player response; please report this issue on  https://github.com/yt-dlp/yt-dlp/issues?q= , filling out the appropriate issue template. Confirm you are on the latest version using  yt-dlp -U
NEW URL : https://music.youtube.com/watch?v=eNJKEmAi9DU
[youtube] Extracting URL: https://music.youtube.com/watch?v=eNJKEmAi9DU
[youtube] eNJKEmAi9DU: Downloading webpage
[youtube] eNJKEmAi9DU: Downloading ios player API JSON
[youtube] eNJKEmAi9DU: Downloading mweb player API JSON
[youtube] eNJKEmAi9DU: Downloading ios music player API JSON
[youtube] eNJKEmAi9DU: Downloading player 37364e28
WARNING: [youtube] eNJKEmAi9DU: Signature extraction failed: Some formats may be missing
[youtube] eNJKEmAi9DU: Downloading m3u8 information
NEW URL : https://music.youtube.com/watch?v=eNJKEmAi9DU&si=NvLXonrxCYC3oRFG
[youtube] Extracting URL: https://music.youtube.com/watch?v=eNJKEmAi9DU&si=NvLXonrxCYC3oRFG
[youtube] eNJKEmAi9DU: Downloading webpage
[youtube] eNJKEmAi9DU: Downloading ios player API JSON
[youtube] eNJKEmAi9DU: Downloading mweb player API JSON
[youtube] eNJKEmAi9DU: Downloading ios music player API JSON
[youtube] eNJKEmAi9DU: Downloading player 37364e28
WARNING: [youtube] eNJKEmAi9DU: Signature extraction failed: Some formats may be missing
[youtube] eNJKEmAi9DU: Downloading m3u8 information
NEW URL : https://music.youtube.com/watch?v=0VgUVVS9RQ8
[youtube] Extracting URL: https://music.youtube.com/watch?v=0VgUVVS9RQ8
[youtube] 0VgUVVS9RQ8: Downloading webpage
[youtube] 0VgUVVS9RQ8: Downloading ios player API JSON
[youtube] 0VgUVVS9RQ8: Downloading mweb player API JSON
[youtube] 0VgUVVS9RQ8: Downloading ios music player API JSON
[youtube] 0VgUVVS9RQ8: Downloading player 37364e28
WARNING: [youtube] 0VgUVVS9RQ8: Signature extraction failed: Some formats may be missing
[youtube] 0VgUVVS9RQ8: Downloading m3u8 information
NEW URL : https://music.youtube.com/watch?v=bb0j-HHu24s
[youtube] Extracting URL: https://music.youtube.com/watch?v=bb0j-HHu24s
[youtube] bb0j-HHu24s: Downloading webpage
[youtube] bb0j-HHu24s: Downloading ios player API JSON
[youtube] bb0j-HHu24s: Downloading mweb player API JSON
[youtube] bb0j-HHu24s: Downloading ios music player API JSON
[youtube] bb0j-HHu24s: Downloading player 37364e28
WARNING: [youtube] bb0j-HHu24s: Signature extraction failed: Some formats may be missing
[youtube] bb0j-HHu24s: Downloading m3u8 information
WARNING: [youtube] Failed to download m3u8 information: <urllib3.connection.HTTPSConnection object at 0x0000015F015C1FA0>: Failed to resolve 'manifest.googlevideo.com' ([Errno 11001] getaddrinfo failed)
NEW URL : https://music.youtube.com/watch?v=uNr-9ajB5vk
[youtube] Extracting URL: https://music.youtube.com/watch?v=uNr-9ajB5vk
[youtube] uNr-9ajB5vk: Downloading webpage
[youtube] uNr-9ajB5vk: Downloading ios player API JSON
[youtube] uNr-9ajB5vk: Downloading mweb player API JSON
[youtube] uNr-9ajB5vk: Downloading ios music player API JSON
[youtube] uNr-9ajB5vk: Downloading player 37364e28
WARNING: [youtube] uNr-9ajB5vk: Signature extraction failed: Some formats may be missing
[youtube] uNr-9ajB5vk: Downloading m3u8 information
NEW URL : https://music.youtube.com/watch?v=bb0j-HHu24s
[youtube] Extracting URL: https://music.youtube.com/watch?v=bb0j-HHu24s
[youtube] bb0j-HHu24s: Downloading webpage
[youtube] bb0j-HHu24s: Downloading ios player API JSON
[youtube] bb0j-HHu24s: Downloading mweb player API JSON
[youtube] bb0j-HHu24s: Downloading ios music player API JSON
[youtube] bb0j-HHu24s: Downloading player 37364e28
WARNING: [youtube] bb0j-HHu24s: Signature extraction failed: Some formats may be missing
[youtube] bb0j-HHu24s: Downloading m3u8 information
NEW URL : https://music.youtube.com/watch?v=uNr-9ajB5vk
[youtube] Extracting URL: https://music.youtube.com/watch?v=uNr-9ajB5vk
[youtube] uNr-9ajB5vk: Downloading webpage
WARNING: [youtube] Unable to download webpage: <urllib3.connection.HTTPSConnection object at 0x0000021B0519AD50>: Failed to resolve 'www.youtube.com' ([Errno 11001] getaddrinfo failed)
[youtube] uNr-9ajB5vk: Downloading ios player API JSON
[youtube] uNr-9ajB5vk: Downloading iframe API JS
WARNING: [youtube] Unable to fetch PO Token for mweb client: Missing required Visitor Data. You may need to pass Visitor Data with --extractor-args "youtube:visitor_data=XXX"
[youtube] uNr-9ajB5vk: Downloading player 37364e28
[youtube] uNr-9ajB5vk: Downloading mweb player API JSON
[youtube] uNr-9ajB5vk: Downloading ios music player API JSON
WARNING: [youtube] uNr-9ajB5vk: Signature extraction failed: Some formats may be missing
ERROR: [0;31mERROR:[0m [youtube] uNr-9ajB5vk: Sign in to confirm you’re not a bot. This helps protect our community. Learn more
NEW URL : https://music.youtube.com/watch?v=uNr-9ajB5vk
[youtube] Extracting URL: https://music.youtube.com/watch?v=uNr-9ajB5vk
[youtube] uNr-9ajB5vk: Downloading webpage
[youtube] uNr-9ajB5vk: Downloading ios player API JSON
[youtube] uNr-9ajB5vk: Downloading mweb player API JSON
[youtube] uNr-9ajB5vk: Downloading ios music player API JSON
[youtube] uNr-9ajB5vk: Downloading player 37364e28
WARNING: [youtube] uNr-9ajB5vk: Signature extraction failed: Some formats may be missing
[youtube] uNr-9ajB5vk: Downloading m3u8 information
NEW URL : https://music.youtube.com/watch?v=bb0j-HHu24s
[youtube] Extracting URL: https://music.youtube.com/watch?v=bb0j-HHu24s
[youtube] bb0j-HHu24s: Downloading webpage
[youtube] bb0j-HHu24s: Downloading ios player API JSON
[youtube] bb0j-HHu24s: Downloading mweb player API JSON
[youtube] bb0j-HHu24s: Downloading ios music player API JSON
[youtube] bb0j-HHu24s: Downloading player 37364e28
WARNING: [youtube] bb0j-HHu24s: Signature extraction failed: Some formats may be missing
[youtube] bb0j-HHu24s: Downloading m3u8 information
NEW URL : https://music.youtube.com/watch?v=bb0j-HHu24s
[youtube] Extracting URL: https://music.youtube.com/watch?v=bb0j-HHu24s
[youtube] bb0j-HHu24s: Downloading webpage
[youtube] bb0j-HHu24s: Downloading ios player API JSON
[youtube] bb0j-HHu24s: Downloading mweb player API JSON
[youtube] bb0j-HHu24s: Downloading ios music player API JSON
[youtube] bb0j-HHu24s: Downloading player 37364e28
WARNING: [youtube] bb0j-HHu24s: Signature extraction failed: Some formats may be missing
[youtube] bb0j-HHu24s: Downloading m3u8 information
WARNING: [youtube] Failed to download m3u8 information: <urllib3.connection.HTTPSConnection object at 0x00000185A81F1A60>: Failed to resolve 'manifest.googlevideo.com' ([Errno 11001] getaddrinfo failed)
NEW URL : https://music.youtube.com/watch?v=uNr-9ajB5vk
[youtube] Extracting URL: https://music.youtube.com/watch?v=uNr-9ajB5vk
[youtube] uNr-9ajB5vk: Downloading webpage
[youtube] uNr-9ajB5vk: Downloading ios player API JSON
[youtube] uNr-9ajB5vk: Downloading mweb player API JSON
[youtube] uNr-9ajB5vk: Downloading ios music player API JSON
[youtube] uNr-9ajB5vk: Downloading player 1080ef44
WARNING: [youtube] uNr-9ajB5vk: Signature extraction failed: Some formats may be missing
[youtube] uNr-9ajB5vk: Downloading m3u8 information
WARNING: [youtube] Failed to download m3u8 information: <urllib3.connection.HTTPSConnection object at 0x000002688E6CB0E0>: Failed to resolve 'manifest.googlevideo.com' ([Errno 11001] getaddrinfo failed)
NEW URL : https://music.youtube.com/watch?v=bb0j-HHu24s
[youtube] Extracting URL: https://music.youtube.com/watch?v=bb0j-HHu24s
[youtube] bb0j-HHu24s: Downloading webpage
[youtube] bb0j-HHu24s: Downloading ios player API JSON
[youtube] bb0j-HHu24s: Downloading mweb player API JSON
[youtube] bb0j-HHu24s: Downloading ios music player API JSON
[youtube] bb0j-HHu24s: Downloading player 77a95d1d
WARNING: [youtube] bb0j-HHu24s: Signature extraction failed: Some formats may be missing
[youtube] bb0j-HHu24s: Downloading m3u8 information
NEW URL : https://music.youtube.com/watch?v=uNr-9ajB5vk
[youtube] Extracting URL: https://music.youtube.com/watch?v=uNr-9ajB5vk
[youtube] uNr-9ajB5vk: Downloading webpage
[youtube] uNr-9ajB5vk: Downloading ios player API JSON
[youtube] uNr-9ajB5vk: Downloading mweb player API JSON
[youtube] uNr-9ajB5vk: Downloading ios music player API JSON
[youtube] uNr-9ajB5vk: Downloading player 37364e28
WARNING: [youtube] uNr-9ajB5vk: Signature extraction failed: Some formats may be missing
[youtube] uNr-9ajB5vk: Downloading m3u8 information
WARNING: [youtube] Failed to download m3u8 information: <urllib3.connection.HTTPSConnection object at 0x000002828BDF2450>: Failed to resolve 'manifest.googlevideo.com' ([Errno 11001] getaddrinfo failed)
NEW URL : https://music.youtube.com/watch?v=bb0j-HHu24s
[youtube] Extracting URL: https://music.youtube.com/watch?v=bb0j-HHu24s
[youtube] bb0j-HHu24s: Downloading webpage
[youtube] bb0j-HHu24s: Downloading ios player API JSON
[youtube] bb0j-HHu24s: Downloading mweb player API JSON
[youtube] bb0j-HHu24s: Downloading ios music player API JSON
[youtube] bb0j-HHu24s: Downloading player 37364e28
WARNING: [youtube] bb0j-HHu24s: Signature extraction failed: Some formats may be missing
[youtube] bb0j-HHu24s: Downloading m3u8 information
NEW URL : https://music.youtube.com/watch?v=bb0j-HHu24s
[youtube] Extracting URL: https://music.youtube.com/watch?v=bb0j-HHu24s
[youtube] bb0j-HHu24s: Downloading webpage
[youtube] bb0j-HHu24s: Downloading ios player API JSON
[youtube] bb0j-HHu24s: Downloading mweb player API JSON
[youtube] bb0j-HHu24s: Downloading ios music player API JSON
[youtube] bb0j-HHu24s: Downloading player 37364e28
WARNING: [youtube] bb0j-HHu24s: Signature extraction failed: Some formats may be missing
[youtube] bb0j-HHu24s: Downloading m3u8 information
NEW URL : https://music.youtube.com/watch?v=bb0j-HHu24s
[youtube] Extracting URL: https://music.youtube.com/watch?v=bb0j-HHu24s
[youtube] bb0j-HHu24s: Downloading webpage
[youtube] bb0j-HHu24s: Downloading ios player API JSON
[youtube] bb0j-HHu24s: Downloading mweb player API JSON
[youtube] bb0j-HHu24s: Downloading ios music player API JSON
[youtube] bb0j-HHu24s: Downloading player 37364e28
WARNING: [youtube] bb0j-HHu24s: Signature extraction failed: Some formats may be missing
[youtube] bb0j-HHu24s: Downloading m3u8 information
WARNING: [youtube] Failed to download m3u8 information: <urllib3.connection.HTTPSConnection object at 0x00000141AF144EC0>: Failed to resolve 'manifest.googlevideo.com' ([Errno 11001] getaddrinfo failed)
NEW URL : https://music.youtube.com/watch?v=uNr-9ajB5vk
[youtube] Extracting URL: https://music.youtube.com/watch?v=uNr-9ajB5vk
[youtube] uNr-9ajB5vk: Downloading webpage
[youtube] uNr-9ajB5vk: Downloading ios player API JSON
[youtube] uNr-9ajB5vk: Downloading mweb player API JSON
[youtube] uNr-9ajB5vk: Downloading ios music player API JSON
[youtube] uNr-9ajB5vk: Downloading player 37364e28
WARNING: [youtube] uNr-9ajB5vk: Signature extraction failed: Some formats may be missing
[youtube] uNr-9ajB5vk: Downloading m3u8 information
NEW URL : https://music.youtube.com/watch?v=uNr-9ajB5vk
[youtube] Extracting URL: https://music.youtube.com/watch?v=uNr-9ajB5vk
[youtube] uNr-9ajB5vk: Downloading webpage
[youtube] uNr-9ajB5vk: Downloading ios player API JSON
[youtube] uNr-9ajB5vk: Downloading mweb player API JSON
[youtube] uNr-9ajB5vk: Downloading ios music player API JSON
[youtube] uNr-9ajB5vk: Downloading player 37364e28
WARNING: [youtube] uNr-9ajB5vk: Signature extraction failed: Some formats may be missing
[youtube] uNr-9ajB5vk: Downloading m3u8 information
WARNING: [youtube] Failed to download m3u8 information: <urllib3.connection.HTTPSConnection object at 0x000001862052D7F0>: Failed to resolve 'manifest.googlevideo.com' ([Errno 11001] getaddrinfo failed)
NEW URL : https://music.youtube.com/playlist?list=PLHN0SCs81_xmjwEQzh42bOI-YSqGEZ3-U
[youtube:tab] Extracting URL: https://music.youtube.com/playlist?list=PLHN0SCs81_xmjwEQzh42bOI-YSqGEZ3-U
WARNING: [youtube:tab] YouTube Music is not directly supported. Redirecting to https://www.youtube.com/playlist?list=PLHN0SCs81_xmjwEQzh42bOI-YSqGEZ3-U
[youtube:tab] PLHN0SCs81_xmjwEQzh42bOI-YSqGEZ3-U: Downloading webpage
[youtube:tab] PLHN0SCs81_xmjwEQzh42bOI-YSqGEZ3-U: Redownloading playlist API JSON with unavailable videos
[download] Downloading playlist: A télécharger
[youtube:tab] PLHN0SCs81_xmjwEQzh42bOI-YSqGEZ3-U page 1: Downloading API JSON
[youtube:tab] Playlist A télécharger: Downloading 2 items of 2
[download] Downloading item [0;32m1[0m of [0;94m2[0m
[download] Downloading item [0;32m2[0m of [0;94m2[0m
[download] Finished downloading playlist: A télécharger
NEW URL : https://music.youtube.com/playlist?list=PLHN0SCs81_xmjwEQzh42bOI-YSqGEZ3-U
[youtube:tab] Extracting URL: https://music.youtube.com/playlist?list=PLHN0SCs81_xmjwEQzh42bOI-YSqGEZ3-U
WARNING: [youtube:tab] YouTube Music is not directly supported. Redirecting to https://www.youtube.com/playlist?list=PLHN0SCs81_xmjwEQzh42bOI-YSqGEZ3-U
[youtube:tab] PLHN0SCs81_xmjwEQzh42bOI-YSqGEZ3-U: Downloading webpage
[youtube:tab] PLHN0SCs81_xmjwEQzh42bOI-YSqGEZ3-U: Redownloading playlist API JSON with unavailable videos
[download] Downloading playlist: A télécharger
[youtube:tab] PLHN0SCs81_xmjwEQzh42bOI-YSqGEZ3-U page 1: Downloading API JSON
[youtube:tab] Playlist A télécharger: Downloading 2 items of 2
[download] Downloading item [0;32m1[0m of [0;94m2[0m
[youtube] Extracting URL: https://music.youtube.com/watch?v=7svMLLxcJYE
[youtube] 7svMLLxcJYE: Downloading webpage
[youtube] 7svMLLxcJYE: Downloading ios player API JSON
[youtube] 7svMLLxcJYE: Downloading mweb player API JSON
[youtube] 7svMLLxcJYE: Downloading ios music player API JSON
[youtube] 7svMLLxcJYE: Downloading player 37364e28
WARNING: [youtube] 7svMLLxcJYE: Signature extraction failed: Some formats may be missing
[youtube] 7svMLLxcJYE: Downloading m3u8 information
[download] Downloading item [0;32m2[0m of [0;94m2[0m
[youtube] Extracting URL: https://music.youtube.com/watch?v=up_IUfCFHao
[youtube] up_IUfCFHao: Downloading webpage
[youtube] up_IUfCFHao: Downloading ios player API JSON
[youtube] up_IUfCFHao: Downloading mweb player API JSON
[youtube] up_IUfCFHao: Downloading ios music player API JSON
WARNING: [youtube] up_IUfCFHao: Signature extraction failed: Some formats may be missing
[youtube] up_IUfCFHao: Downloading m3u8 information
[download] Finished downloading playlist: A télécharger
NEW URL : https://music.youtube.com/playlist?list=PLHN0SCs81_xmjwEQzh42bOI-YSqGEZ3-U
[youtube:tab] Extracting URL: https://music.youtube.com/playlist?list=PLHN0SCs81_xmjwEQzh42bOI-YSqGEZ3-U
WARNING: [youtube:tab] YouTube Music is not directly supported. Redirecting to https://www.youtube.com/playlist?list=PLHN0SCs81_xmjwEQzh42bOI-YSqGEZ3-U
[youtube:tab] PLHN0SCs81_xmjwEQzh42bOI-YSqGEZ3-U: Downloading webpage
[youtube:tab] PLHN0SCs81_xmjwEQzh42bOI-YSqGEZ3-U: Redownloading playlist API JSON with unavailable videos
[download] Downloading playlist: A télécharger
[youtube:tab] PLHN0SCs81_xmjwEQzh42bOI-YSqGEZ3-U page 1: Downloading API JSON
[youtube:tab] Playlist A télécharger: Downloading 2 items of 2
[download] Downloading item [0;32m1[0m of [0;94m2[0m
[download] Downloading item [0;32m2[0m of [0;94m2[0m
[download] Finished downloading playlist: A télécharger
NEW URL : https://music.youtube.com/playlist?list=PLHN0SCs81_xmjwEQzh42bOI-YSqGEZ3-U
[youtube:tab] Extracting URL: https://music.youtube.com/playlist?list=PLHN0SCs81_xmjwEQzh42bOI-YSqGEZ3-U
WARNING: [youtube:tab] YouTube Music is not directly supported. Redirecting to https://www.youtube.com/playlist?list=PLHN0SCs81_xmjwEQzh42bOI-YSqGEZ3-U
[youtube:tab] PLHN0SCs81_xmjwEQzh42bOI-YSqGEZ3-U: Downloading webpage
[youtube:tab] PLHN0SCs81_xmjwEQzh42bOI-YSqGEZ3-U: Redownloading playlist API JSON with unavailable videos
[download] Downloading playlist: A télécharger
[youtube:tab] PLHN0SCs81_xmjwEQzh42bOI-YSqGEZ3-U page 1: Downloading API JSON
[youtube:tab] Playlist A télécharger: Downloading 2 items of 2
[download] Downloading item [0;32m1[0m of [0;94m2[0m
[youtube] Extracting URL: https://music.youtube.com/watch?v=7svMLLxcJYE
[youtube] 7svMLLxcJYE: Downloading webpage
[youtube] 7svMLLxcJYE: Downloading ios player API JSON
[youtube] 7svMLLxcJYE: Downloading mweb player API JSON
[youtube] 7svMLLxcJYE: Downloading ios music player API JSON
[youtube] 7svMLLxcJYE: Downloading player 37364e28
WARNING: [youtube] 7svMLLxcJYE: Signature extraction failed: Some formats may be missing
[youtube] 7svMLLxcJYE: Downloading m3u8 information
WARNING: [youtube] Failed to download m3u8 information: <urllib3.connection.HTTPSConnection object at 0x00000230A26B3C20>: Failed to resolve 'manifest.googlevideo.com' ([Errno 11001] getaddrinfo failed)
[download] Downloading item [0;32m2[0m of [0;94m2[0m
[youtube] Extracting URL: https://music.youtube.com/watch?v=up_IUfCFHao
[youtube] up_IUfCFHao: Downloading webpage
[youtube] up_IUfCFHao: Downloading ios player API JSON
[youtube] up_IUfCFHao: Downloading mweb player API JSON
[youtube] up_IUfCFHao: Downloading ios music player API JSON
WARNING: [youtube] up_IUfCFHao: Signature extraction failed: Some formats may be missing
[youtube] up_IUfCFHao: Downloading m3u8 information
[download] Finished downloading playlist: A télécharger
NEW URL : https://music.youtube.com/playlist?list=PLHN0SCs81_xmjwEQzh42bOI-YSqGEZ3-U
[youtube:tab] Extracting URL: https://music.youtube.com/playlist?list=PLHN0SCs81_xmjwEQzh42bOI-YSqGEZ3-U
WARNING: [youtube:tab] YouTube Music is not directly supported. Redirecting to https://www.youtube.com/playlist?list=PLHN0SCs81_xmjwEQzh42bOI-YSqGEZ3-U
[youtube:tab] PLHN0SCs81_xmjwEQzh42bOI-YSqGEZ3-U: Downloading webpage
NEW URL : 
[youtube:tab] PLHN0SCs81_xmjwEQzh42bOI-YSqGEZ3-U: Redownloading playlist API JSON with unavailable videos
[generic] Extracting URL: 
[download] Downloading playlist: A télécharger
[youtube:tab] PLHN0SCs81_xmjwEQzh42bOI-YSqGEZ3-U page 1: Downloading API JSON
"ytsearch" (or run  yt-dlp "ytsearch:" ) to search YouTube
[youtube:tab] Playlist A télécharger: Downloading 2 items of 2
[download] Downloading item [0;32m1[0m of [0;94m2[0m
[download] Downloading item [0;32m2[0m of [0;94m2[0m
[download] Finished downloading playlist: A télécharger
NEW URL : https://music.youtube.com/playlist?list=PLHN0SCs81_xmjwEQzh42bOI-YSqGEZ3-U
[youtube:tab] Extracting URL: https://music.youtube.com/playlist?list=PLHN0SCs81_xmjwEQzh42bOI-YSqGEZ3-U
WARNING: [youtube:tab] YouTube Music is not directly supported. Redirecting to https://www.youtube.com/playlist?list=PLHN0SCs81_xmjwEQzh42bOI-YSqGEZ3-U
[youtube:tab] PLHN0SCs81_xmjwEQzh42bOI-YSqGEZ3-U: Downloading webpage
NEW URL : 
[youtube:tab] PLHN0SCs81_xmjwEQzh42bOI-YSqGEZ3-U: Redownloading playlist API JSON with unavailable videos
[generic] Extracting URL: 
ERROR: [0;31mERROR:[0m [generic] '' is not a valid URL. Set --default-search "ytsearch" (or run  yt-dlp "ytsearch:" ) to search YouTube
[download] Downloading playlist: A télécharger
[youtube:tab] PLHN0SCs81_xmjwEQzh42bOI-YSqGEZ3-U page 1: Downloading API JSON
[youtube:tab] Playlist A télécharger: Downloading 2 items of 2
[download] Downloading item [0;32m1[0m of [0;94m2[0m
[youtube] Extracting URL: https://music.youtube.com/watch?v=7svMLLxcJYE
[youtube] 7svMLLxcJYE: Downloading webpage
[youtube] 7svMLLxcJYE: Downloading ios player API JSON
[youtube] 7svMLLxcJYE: Downloading mweb player API JSON
NEW URL : 
[generic] Extracting URL: 
ERROR: [0;31mERROR:[0m [generic] '' is not a valid URL. Set --default-search "ytsearch" (or run  yt-dlp "ytsearch:" ) to search YouTube
[youtube] 7svMLLxcJYE: Downloading ios music player API JSON
[youtube] 7svMLLxcJYE: Downloading player 37364e28
NEW URL : 
[generic] Extracting URL: 
ERROR: [0;31mERROR:[0m [generic] '' is not a valid URL. Set --default-search "ytsearch" (or run  yt-dlp "ytsearch:" ) to search YouTube
NEW URL : 
WARNING: [youtube] 7svMLLxcJYE: Signature extraction failed: Some formats may be missing
[generic] Extracting URL: 
ERROR: [0;31mERROR:[0m [generic] '' is not a valid URL. Set --default-search "ytsearch" (or run  yt-dlp "ytsearch:" ) to search YouTube
[youtube] 7svMLLxcJYE: Downloading m3u8 information
WARNING: [youtube] Failed to download m3u8 information: <urllib3.connection.HTTPSConnection object at 0x0000018AEB897D70>: Failed to resolve 'manifest.googlevideo.com' ([Errno 11001] getaddrinfo failed)
[download] Downloading item [0;32m2[0m of [0;94m2[0m
[youtube] Extracting URL: https://music.youtube.com/watch?v=up_IUfCFHao
[youtube] up_IUfCFHao: Downloading webpage
[youtube] up_IUfCFHao: Downloading ios player API JSON
[youtube] up_IUfCFHao: Downloading mweb player API JSON
[youtube] up_IUfCFHao: Downloading ios music player API JSON
WARNING: [youtube] up_IUfCFHao: Signature extraction failed: Some formats may be missing
[youtube] up_IUfCFHao: Downloading m3u8 information
[download] Finished downloading playlist: A télécharger
NEW URL : https://music.youtube.com/playlist?list=PLHN0SCs81_xmjwEQzh42bOI-YSqGEZ3-U
[youtube:tab] Extracting URL: https://music.youtube.com/playlist?list=PLHN0SCs81_xmjwEQzh42bOI-YSqGEZ3-U
WARNING: [youtube:tab] YouTube Music is not directly supported. Redirecting to https://www.youtube.com/playlist?list=PLHN0SCs81_xmjwEQzh42bOI-YSqGEZ3-U
[youtube:tab] PLHN0SCs81_xmjwEQzh42bOI-YSqGEZ3-U: Downloading webpage
[youtube:tab] PLHN0SCs81_xmjwEQzh42bOI-YSqGEZ3-U: Redownloading playlist API JSON with unavailable videos
[download] Downloading playlist: A télécharger
[youtube:tab] PLHN0SCs81_xmjwEQzh42bOI-YSqGEZ3-U page 1: Downloading API JSON
[youtube:tab] Playlist A télécharger: Downloading 2 items of 2
[download] Downloading item [0;32m1[0m of [0;94m2[0m
[download] Downloading item [0;32m2[0m of [0;94m2[0m
[download] Finished downloading playlist: A télécharger
NEW URL : https://music.youtube.com/playlist?list=PLHN0SCs81_xmjwEQzh42bOI-YSqGEZ3-U
[youtube:tab] Extracting URL: https://music.youtube.com/playlist?list=PLHN0SCs81_xmjwEQzh42bOI-YSqGEZ3-U
WARNING: [youtube:tab] YouTube Music is not directly supported. Redirecting to https://www.youtube.com/playlist?list=PLHN0SCs81_xmjwEQzh42bOI-YSqGEZ3-U
[youtube:tab] PLHN0SCs81_xmjwEQzh42bOI-YSqGEZ3-U: Downloading webpage
[youtube:tab] PLHN0SCs81_xmjwEQzh42bOI-YSqGEZ3-U: Redownloading playlist API JSON with unavailable videos
[download] Downloading playlist: A télécharger
[youtube:tab] PLHN0SCs81_xmjwEQzh42bOI-YSqGEZ3-U page 1: Downloading API JSON
[youtube:tab] Playlist A télécharger: Downloading 2 items of 2
[download] Downloading item [0;32m1[0m of [0;94m2[0m
[youtube] Extracting URL: https://music.youtube.com/watch?v=7svMLLxcJYE
[youtube] 7svMLLxcJYE: Downloading webpage
[youtube] 7svMLLxcJYE: Downloading ios player API JSON
[youtube] 7svMLLxcJYE: Downloading mweb player API JSON
[youtube] 7svMLLxcJYE: Downloading ios music player API JSON
[youtube] 7svMLLxcJYE: Downloading player 37364e28
WARNING: [youtube] 7svMLLxcJYE: Signature extraction failed: Some formats may be missing
[youtube] 7svMLLxcJYE: Downloading m3u8 information
[download] Downloading item [0;32m2[0m of [0;94m2[0m
[youtube] Extracting URL: https://music.youtube.com/watch?v=up_IUfCFHao
[youtube] up_IUfCFHao: Downloading webpage
[youtube] up_IUfCFHao: Downloading ios player API JSON
[youtube] up_IUfCFHao: Downloading mweb player API JSON
[youtube] up_IUfCFHao: Downloading ios music player API JSON
WARNING: [youtube] up_IUfCFHao: Signature extraction failed: Some formats may be missing
[youtube] up_IUfCFHao: Downloading m3u8 information
[download] Finished downloading playlist: A télécharger
NEW URL : https://music.youtube.com/playlist?list=PLHN0SCs81_xmjwEQzh42bOI-YSqGEZ3-U
[youtube:tab] Extracting URL: https://music.youtube.com/playlist?list=PLHN0SCs81_xmjwEQzh42bOI-YSqGEZ3-U
WARNING: [youtube:tab] YouTube Music is not directly supported. Redirecting to https://www.youtube.com/playlist?list=PLHN0SCs81_xmjwEQzh42bOI-YSqGEZ3-U
[youtube:tab] PLHN0SCs81_xmjwEQzh42bOI-YSqGEZ3-U: Downloading webpage
[youtube:tab] PLHN0SCs81_xmjwEQzh42bOI-YSqGEZ3-U: Redownloading playlist API JSON with unavailable videos
[download] Downloading playlist: A télécharger
[youtube:tab] PLHN0SCs81_xmjwEQzh42bOI-YSqGEZ3-U page 1: Downloading API JSON
[youtube:tab] Playlist A télécharger: Downloading 2 items of 2
[download] Downloading item [0;32m1[0m of [0;94m2[0m
[download] Downloading item [0;32m2[0m of [0;94m2[0m
[download] Finished downloading playlist: A télécharger
NEW URL : https://music.youtube.com/playlist?list=PLHN0SCs81_xmjwEQzh42bOI-YSqGEZ3-U
[youtube:tab] Extracting URL: https://music.youtube.com/playlist?list=PLHN0SCs81_xmjwEQzh42bOI-YSqGEZ3-U
WARNING: [youtube:tab] YouTube Music is not directly supported. Redirecting to https://www.youtube.com/playlist?list=PLHN0SCs81_xmjwEQzh42bOI-YSqGEZ3-U
[youtube:tab] PLHN0SCs81_xmjwEQzh42bOI-YSqGEZ3-U: Downloading webpage
[youtube:tab] PLHN0SCs81_xmjwEQzh42bOI-YSqGEZ3-U: Redownloading playlist API JSON with unavailable videos
[download] Downloading playlist: A télécharger
[youtube:tab] PLHN0SCs81_xmjwEQzh42bOI-YSqGEZ3-U page 1: Downloading API JSON
[youtube:tab] Playlist A télécharger: Downloading 2 items of 2
[download] Downloading item [0;32m1[0m of [0;94m2[0m
[youtube] Extracting URL: https://music.youtube.com/watch?v=7svMLLxcJYE
[youtube] 7svMLLxcJYE: Downloading webpage
[youtube] 7svMLLxcJYE: Downloading ios player API JSON
[youtube] 7svMLLxcJYE: Downloading mweb player API JSON
[youtube] 7svMLLxcJYE: Downloading ios music player API JSON
[youtube] 7svMLLxcJYE: Downloading player 37364e28
WARNING: [youtube] 7svMLLxcJYE: Signature extraction failed: Some formats may be missing
[youtube] 7svMLLxcJYE: Downloading m3u8 information
[download] Downloading item [0;32m2[0m of [0;94m2[0m
[youtube] Extracting URL: https://music.youtube.com/watch?v=up_IUfCFHao
[youtube] up_IUfCFHao: Downloading webpage
[youtube] up_IUfCFHao: Downloading ios player API JSON
[youtube] up_IUfCFHao: Downloading mweb player API JSON
[youtube] up_IUfCFHao: Downloading ios music player API JSON
WARNING: [youtube] up_IUfCFHao: Signature extraction failed: Some formats may be missing
[youtube] up_IUfCFHao: Downloading m3u8 information
[download] Finished downloading playlist: A télécharger
NEW URL : https://music.youtube.com/playlist?list=PLHN0SCs81_xmjwEQzh42bOI-YSqGEZ3-U
[youtube:tab] Extracting URL: https://music.youtube.com/playlist?list=PLHN0SCs81_xmjwEQzh42bOI-YSqGEZ3-U
WARNING: [youtube:tab] YouTube Music is not directly supported. Redirecting to https://www.youtube.com/playlist?list=PLHN0SCs81_xmjwEQzh42bOI-YSqGEZ3-U
[youtube:tab] PLHN0SCs81_xmjwEQzh42bOI-YSqGEZ3-U: Downloading webpage
[youtube:tab] PLHN0SCs81_xmjwEQzh42bOI-YSqGEZ3-U: Redownloading playlist API JSON with unavailable videos
[download] Downloading playlist: A télécharger
[youtube:tab] PLHN0SCs81_xmjwEQzh42bOI-YSqGEZ3-U page 1: Downloading API JSON
[youtube:tab] Playlist A télécharger: Downloading 2 items of 2
[download] Downloading item [0;32m1[0m of [0;94m2[0m
[download] Downloading item [0;32m2[0m of [0;94m2[0m
[download] Finished downloading playlist: A télécharger
NEW URL : https://music.youtube.com/playlist?list=PLHN0SCs81_xmjwEQzh42bOI-YSqGEZ3-U
[youtube:tab] Extracting URL: https://music.youtube.com/playlist?list=PLHN0SCs81_xmjwEQzh42bOI-YSqGEZ3-U
WARNING: [youtube:tab] YouTube Music is not directly supported. Redirecting to https://www.youtube.com/playlist?list=PLHN0SCs81_xmjwEQzh42bOI-YSqGEZ3-U
[youtube:tab] PLHN0SCs81_xmjwEQzh42bOI-YSqGEZ3-U: Downloading webpage
[youtube:tab] PLHN0SCs81_xmjwEQzh42bOI-YSqGEZ3-U: Redownloading playlist API JSON with unavailable videos
[download] Downloading playlist: A télécharger
[youtube:tab] PLHN0SCs81_xmjwEQzh42bOI-YSqGEZ3-U page 1: Downloading API JSON
[youtube:tab] Playlist A télécharger: Downloading 2 items of 2
[download] Downloading item [0;32m1[0m of [0;94m2[0m
[youtube] Extracting URL: https://music.youtube.com/watch?v=7svMLLxcJYE
[youtube] 7svMLLxcJYE: Downloading webpage
[youtube] 7svMLLxcJYE: Downloading ios player API JSON
[youtube] 7svMLLxcJYE: Downloading mweb player API JSON
[youtube] 7svMLLxcJYE: Downloading ios music player API JSON
[youtube] 7svMLLxcJYE: Downloading player 1080ef44
WARNING: [youtube] 7svMLLxcJYE: Signature extraction failed: Some formats may be missing
[youtube] 7svMLLxcJYE: Downloading m3u8 information
[download] Downloading item [0;32m2[0m of [0;94m2[0m
[youtube] Extracting URL: https://music.youtube.com/watch?v=up_IUfCFHao
[youtube] up_IUfCFHao: Downloading webpage
[youtube] up_IUfCFHao: Downloading ios player API JSON
[youtube] up_IUfCFHao: Downloading mweb player API JSON
[youtube] up_IUfCFHao: Downloading ios music player API JSON
WARNING: [youtube] up_IUfCFHao: Signature extraction failed: Some formats may be missing
[youtube] up_IUfCFHao: Downloading m3u8 information
[download] Finished downloading playlist: A télécharger
NEW URL : https://music.youtube.com/playlist?list=PLHN0SCs81_xmjwEQzh42bOI-YSqGEZ3-U
[youtube:tab] Extracting URL: https://music.youtube.com/playlist?list=PLHN0SCs81_xmjwEQzh42bOI-YSqGEZ3-U
WARNING: [youtube:tab] YouTube Music is not directly supported. Redirecting to https://www.youtube.com/playlist?list=PLHN0SCs81_xmjwEQzh42bOI-YSqGEZ3-U
[youtube:tab] PLHN0SCs81_xmjwEQzh42bOI-YSqGEZ3-U: Downloading webpage
[youtube:tab] PLHN0SCs81_xmjwEQzh42bOI-YSqGEZ3-U: Redownloading playlist API JSON with unavailable videos
[download] Downloading playlist: A télécharger
[youtube:tab] PLHN0SCs81_xmjwEQzh42bOI-YSqGEZ3-U page 1: Downloading API JSON
[youtube:tab] Playlist A télécharger: Downloading 2 items of 2
[download] Downloading item [0;32m1[0m of [0;94m2[0m
[download] Downloading item [0;32m2[0m of [0;94m2[0m
[download] Finished downloading playlist: A télécharger
NEW URL : https://music.youtube.com/playlist?list=PLHN0SCs81_xmjwEQzh42bOI-YSqGEZ3-U
[youtube:tab] Extracting URL: https://music.youtube.com/playlist?list=PLHN0SCs81_xmjwEQzh42bOI-YSqGEZ3-U
WARNING: [youtube:tab] YouTube Music is not directly supported. Redirecting to https://www.youtube.com/playlist?list=PLHN0SCs81_xmjwEQzh42bOI-YSqGEZ3-U
[youtube:tab] PLHN0SCs81_xmjwEQzh42bOI-YSqGEZ3-U: Downloading webpage
[youtube:tab] PLHN0SCs81_xmjwEQzh42bOI-YSqGEZ3-U: Redownloading playlist API JSON with unavailable videos
[download] Downloading playlist: A télécharger
[youtube:tab] PLHN0SCs81_xmjwEQzh42bOI-YSqGEZ3-U page 1: Downloading API JSON
[youtube:tab] Playlist A télécharger: Downloading 2 items of 2
[download] Downloading item [0;32m1[0m of [0;94m2[0m
[youtube] Extracting URL: https://music.youtube.com/watch?v=7svMLLxcJYE
[youtube] 7svMLLxcJYE: Downloading webpage
[youtube] 7svMLLxcJYE: Downloading ios player API JSON
[youtube] 7svMLLxcJYE: Downloading mweb player API JSON
[youtube] 7svMLLxcJYE: Downloading ios music player API JSON
[youtube] 7svMLLxcJYE: Downloading player 37364e28
WARNING: [youtube] 7svMLLxcJYE: Signature extraction failed: Some formats may be missing
[youtube] 7svMLLxcJYE: Downloading m3u8 information
[download] Downloading item [0;32m2[0m of [0;94m2[0m
[youtube] Extracting URL: https://music.youtube.com/watch?v=up_IUfCFHao
[youtube] up_IUfCFHao: Downloading webpage
[youtube] up_IUfCFHao: Downloading ios player API JSON
[youtube] up_IUfCFHao: Downloading mweb player API JSON
[youtube] up_IUfCFHao: Downloading ios music player API JSON
WARNING: [youtube] up_IUfCFHao: Signature extraction failed: Some formats may be missing
[youtube] up_IUfCFHao: Downloading m3u8 information
[download] Finished downloading playlist: A télécharger
NEW URL : https://music.youtube.com/playlist?list=PLHN0SCs81_xmjwEQzh42bOI-YSqGEZ3-U
[youtube:tab] Extracting URL: https://music.youtube.com/playlist?list=PLHN0SCs81_xmjwEQzh42bOI-YSqGEZ3-U
WARNING: [youtube:tab] YouTube Music is not directly supported. Redirecting to https://www.youtube.com/playlist?list=PLHN0SCs81_xmjwEQzh42bOI-YSqGEZ3-U
[youtube:tab] PLHN0SCs81_xmjwEQzh42bOI-YSqGEZ3-U: Downloading webpage
[youtube:tab] PLHN0SCs81_xmjwEQzh42bOI-YSqGEZ3-U: Redownloading playlist API JSON with unavailable videos
[download] Downloading playlist: A télécharger
[youtube:tab] PLHN0SCs81_xmjwEQzh42bOI-YSqGEZ3-U page 1: Downloading API JSON
[youtube:tab] Playlist A télécharger: Downloading 2 items of 2
[download] Downloading item [0;32m1[0m of [0;94m2[0m
[download] Downloading item [0;32m2[0m of [0;94m2[0m
[download] Finished downloading playlist: A télécharger
NEW URL : https://music.youtube.com/playlist?list=PLHN0SCs81_xmjwEQzh42bOI-YSqGEZ3-U
[youtube:tab] Extracting URL: https://music.youtube.com/playlist?list=PLHN0SCs81_xmjwEQzh42bOI-YSqGEZ3-U
WARNING: [youtube:tab] YouTube Music is not directly supported. Redirecting to https://www.youtube.com/playlist?list=PLHN0SCs81_xmjwEQzh42bOI-YSqGEZ3-U
[youtube:tab] PLHN0SCs81_xmjwEQzh42bOI-YSqGEZ3-U: Downloading webpage
[youtube:tab] PLHN0SCs81_xmjwEQzh42bOI-YSqGEZ3-U: Redownloading playlist API JSON with unavailable videos
[download] Downloading playlist: A télécharger
[youtube:tab] PLHN0SCs81_xmjwEQzh42bOI-YSqGEZ3-U page 1: Downloading API JSON
[youtube:tab] Playlist A télécharger: Downloading 2 items of 2
[download] Downloading item [0;32m1[0m of [0;94m2[0m
[youtube] Extracting URL: https://music.youtube.com/watch?v=7svMLLxcJYE
[youtube] 7svMLLxcJYE: Downloading webpage
[youtube] 7svMLLxcJYE: Downloading ios player API JSON
[youtube] 7svMLLxcJYE: Downloading mweb player API JSON
[youtube] 7svMLLxcJYE: Downloading ios music player API JSON
[youtube] 7svMLLxcJYE: Downloading player 1080ef44
WARNING: [youtube] 7svMLLxcJYE: Signature extraction failed: Some formats may be missing
[youtube] 7svMLLxcJYE: Downloading m3u8 information
[download] Downloading item [0;32m2[0m of [0;94m2[0m
[youtube] Extracting URL: https://music.youtube.com/watch?v=up_IUfCFHao
[youtube] up_IUfCFHao: Downloading webpage
[youtube] up_IUfCFHao: Downloading ios player API JSON
[youtube] up_IUfCFHao: Downloading mweb player API JSON
[youtube] up_IUfCFHao: Downloading ios music player API JSON
WARNING: [youtube] up_IUfCFHao: Signature extraction failed: Some formats may be missing
[youtube] up_IUfCFHao: Downloading m3u8 information
[download] Finished downloading playlist: A télécharger
NEW URL : 

            while url == None and options_file == None : # Récupère l'url dans le label texte masqué
                
                for child in widget.winfo_children():
                    if isinstance(child, Label) and url == None:
                        text = child.cget('text')
                        if text.startswith('url:') :
                            url = text[4:]
                    if isinstance(child, OptionMenu) and options_file == None:
                            option = f"{child.cget('text')}.json"
[generic] Extracting URL: 

            while url == None and options_file == None : # Récupère l'url dans le label texte m....cget('text')}.json"
ERROR: [0;31mERROR:[0m [generic] '\n\n            while url == None and options_file == None : # Récupère l\'url dans le label texte masqué\n                \n                for child in widget.winfo_children():\n                    if isinstance(child, Label) and url == None:\n                        text = child.cget(\'text\')\n                        if text.startswith(\'url:\') :\n                            url = text[4:]\n                    if isinstance(child, OptionMenu) and options_file == None:\n                            option = f"{child.cget(\'text\')}.json"' is not a valid URL. Set --default-search "ytsearch" (or run  yt-dlp "ytsearch:

            while url == None and options_file == None : # Récupère l'url dans le label texte masqué
                
                for child in widget.winfo_children():
                    if isinstance(child, Label) and url == None:
                        text = child.cget('text')
                        if text.startswith('url:') :
                            url = text[4:]
                    if isinstance(child, OptionMenu) and options_file == None:
                            option = f"{child.cget('text')}.json"" ) to search YouTube
NEW URL : https://music.youtube.com/playlist?list=PLHN0SCs81_xmjwEQzh42bOI-YSqGEZ3-U
[youtube:tab] Extracting URL: https://music.youtube.com/playlist?list=PLHN0SCs81_xmjwEQzh42bOI-YSqGEZ3-U
WARNING: [youtube:tab] YouTube Music is not directly supported. Redirecting to https://www.youtube.com/playlist?list=PLHN0SCs81_xmjwEQzh42bOI-YSqGEZ3-U
[youtube:tab] PLHN0SCs81_xmjwEQzh42bOI-YSqGEZ3-U: Downloading webpage
[youtube:tab] PLHN0SCs81_xmjwEQzh42bOI-YSqGEZ3-U: Redownloading playlist API JSON with unavailable videos
[download] Downloading playlist: A télécharger
[youtube:tab] PLHN0SCs81_xmjwEQzh42bOI-YSqGEZ3-U page 1: Downloading API JSON
[youtube:tab] Playlist A télécharger: Downloading 2 items of 2
[download] Downloading item [0;32m1[0m of [0;94m2[0m
[download] Downloading item [0;32m2[0m of [0;94m2[0m
[download] Finished downloading playlist: A télécharger
NEW URL : https://music.youtube.com/playlist?list=PLHN0SCs81_xmjwEQzh42bOI-YSqGEZ3-U
[youtube:tab] Extracting URL: https://music.youtube.com/playlist?list=PLHN0SCs81_xmjwEQzh42bOI-YSqGEZ3-U
WARNING: [youtube:tab] YouTube Music is not directly supported. Redirecting to https://www.youtube.com/playlist?list=PLHN0SCs81_xmjwEQzh42bOI-YSqGEZ3-U
[youtube:tab] PLHN0SCs81_xmjwEQzh42bOI-YSqGEZ3-U: Downloading webpage
[youtube:tab] PLHN0SCs81_xmjwEQzh42bOI-YSqGEZ3-U: Redownloading playlist API JSON with unavailable videos
[download] Downloading playlist: A télécharger
[youtube:tab] PLHN0SCs81_xmjwEQzh42bOI-YSqGEZ3-U page 1: Downloading API JSON
[youtube:tab] Playlist A télécharger: Downloading 2 items of 2
[download] Downloading item [0;32m1[0m of [0;94m2[0m
[youtube] Extracting URL: https://music.youtube.com/watch?v=7svMLLxcJYE
[youtube] 7svMLLxcJYE: Downloading webpage
[youtube] 7svMLLxcJYE: Downloading ios player API JSON
[youtube] 7svMLLxcJYE: Downloading mweb player API JSON
[youtube] 7svMLLxcJYE: Downloading ios music player API JSON
[youtube] 7svMLLxcJYE: Downloading player 37364e28
WARNING: [youtube] 7svMLLxcJYE: Signature extraction failed: Some formats may be missing
[youtube] 7svMLLxcJYE: Downloading m3u8 information
[download] Downloading item [0;32m2[0m of [0;94m2[0m
[youtube] Extracting URL: https://music.youtube.com/watch?v=up_IUfCFHao
[youtube] up_IUfCFHao: Downloading webpage
[youtube] up_IUfCFHao: Downloading ios player API JSON
[youtube] up_IUfCFHao: Downloading mweb player API JSON
[youtube] up_IUfCFHao: Downloading ios music player API JSON
WARNING: [youtube] up_IUfCFHao: Signature extraction failed: Some formats may be missing
[youtube] up_IUfCFHao: Downloading m3u8 information
[download] Finished downloading playlist: A télécharger
NEW URL : https://music.youtube.com/playlist?list=PLHN0SCs81_xmjwEQzh42bOI-YSqGEZ3-U
[youtube:tab] Extracting URL: https://music.youtube.com/playlist?list=PLHN0SCs81_xmjwEQzh42bOI-YSqGEZ3-U
WARNING: [youtube:tab] YouTube Music is not directly supported. Redirecting to https://www.youtube.com/playlist?list=PLHN0SCs81_xmjwEQzh42bOI-YSqGEZ3-U
[youtube:tab] PLHN0SCs81_xmjwEQzh42bOI-YSqGEZ3-U: Downloading webpage
[youtube:tab] PLHN0SCs81_xmjwEQzh42bOI-YSqGEZ3-U: Redownloading playlist API JSON with unavailable videos
[download] Downloading playlist: A télécharger
[youtube:tab] PLHN0SCs81_xmjwEQzh42bOI-YSqGEZ3-U page 1: Downloading API JSON
[youtube:tab] Playlist A télécharger: Downloading 2 items of 2
[download] Downloading item [0;32m1[0m of [0;94m2[0m
[download] Downloading item [0;32m2[0m of [0;94m2[0m
[download] Finished downloading playlist: A télécharger
NEW URL : https://music.youtube.com/playlist?list=PLHN0SCs81_xmjwEQzh42bOI-YSqGEZ3-U
[youtube:tab] Extracting URL: https://music.youtube.com/playlist?list=PLHN0SCs81_xmjwEQzh42bOI-YSqGEZ3-U
WARNING: [youtube:tab] YouTube Music is not directly supported. Redirecting to https://www.youtube.com/playlist?list=PLHN0SCs81_xmjwEQzh42bOI-YSqGEZ3-U
[youtube:tab] PLHN0SCs81_xmjwEQzh42bOI-YSqGEZ3-U: Downloading webpage
[youtube:tab] PLHN0SCs81_xmjwEQzh42bOI-YSqGEZ3-U: Redownloading playlist API JSON with unavailable videos
[download] Downloading playlist: A télécharger
[youtube:tab] PLHN0SCs81_xmjwEQzh42bOI-YSqGEZ3-U page 1: Downloading API JSON
[youtube:tab] Playlist A télécharger: Downloading 2 items of 2
[download] Downloading item [0;32m1[0m of [0;94m2[0m
[youtube] Extracting URL: https://music.youtube.com/watch?v=7svMLLxcJYE
[youtube] 7svMLLxcJYE: Downloading webpage
[youtube] 7svMLLxcJYE: Downloading ios player API JSON
[youtube] 7svMLLxcJYE: Downloading mweb player API JSON
[youtube] 7svMLLxcJYE: Downloading ios music player API JSON
[youtube] 7svMLLxcJYE: Downloading player 1080ef44
WARNING: [youtube] 7svMLLxcJYE: Signature extraction failed: Some formats may be missing
[youtube] 7svMLLxcJYE: Downloading m3u8 information
[download] Downloading item [0;32m2[0m of [0;94m2[0m
[youtube] Extracting URL: https://music.youtube.com/watch?v=up_IUfCFHao
[youtube] up_IUfCFHao: Downloading webpage
[youtube] up_IUfCFHao: Downloading ios player API JSON
[youtube] up_IUfCFHao: Downloading mweb player API JSON
[youtube] up_IUfCFHao: Downloading ios music player API JSON
WARNING: [youtube] up_IUfCFHao: Signature extraction failed: Some formats may be missing
[youtube] up_IUfCFHao: Downloading m3u8 information
[download] Finished downloading playlist: A télécharger
NEW URL : https://music.youtube.com/playlist?list=PLHN0SCs81_xmjwEQzh42bOI-YSqGEZ3-U
[youtube:tab] Extracting URL: https://music.youtube.com/playlist?list=PLHN0SCs81_xmjwEQzh42bOI-YSqGEZ3-U
WARNING: [youtube:tab] YouTube Music is not directly supported. Redirecting to https://www.youtube.com/playlist?list=PLHN0SCs81_xmjwEQzh42bOI-YSqGEZ3-U
[youtube:tab] PLHN0SCs81_xmjwEQzh42bOI-YSqGEZ3-U: Downloading webpage
[youtube:tab] PLHN0SCs81_xmjwEQzh42bOI-YSqGEZ3-U: Redownloading playlist API JSON with unavailable videos
[download] Downloading playlist: A télécharger
[youtube:tab] PLHN0SCs81_xmjwEQzh42bOI-YSqGEZ3-U page 1: Downloading API JSON
[youtube:tab] Playlist A télécharger: Downloading 2 items of 2
[download] Downloading item [0;32m1[0m of [0;94m2[0m
[download] Downloading item [0;32m2[0m of [0;94m2[0m
[download] Finished downloading playlist: A télécharger
NEW URL : https://music.youtube.com/playlist?list=PLHN0SCs81_xmjwEQzh42bOI-YSqGEZ3-U
[youtube:tab] Extracting URL: https://music.youtube.com/playlist?list=PLHN0SCs81_xmjwEQzh42bOI-YSqGEZ3-U
WARNING: [youtube:tab] YouTube Music is not directly supported. Redirecting to https://www.youtube.com/playlist?list=PLHN0SCs81_xmjwEQzh42bOI-YSqGEZ3-U
[youtube:tab] PLHN0SCs81_xmjwEQzh42bOI-YSqGEZ3-U: Downloading webpage
[youtube:tab] PLHN0SCs81_xmjwEQzh42bOI-YSqGEZ3-U: Redownloading playlist API JSON with unavailable videos
[download] Downloading playlist: A télécharger
[youtube:tab] PLHN0SCs81_xmjwEQzh42bOI-YSqGEZ3-U page 1: Downloading API JSON
[youtube:tab] Playlist A télécharger: Downloading 2 items of 2
[download] Downloading item [0;32m1[0m of [0;94m2[0m
[youtube] Extracting URL: https://music.youtube.com/watch?v=7svMLLxcJYE
[youtube] 7svMLLxcJYE: Downloading webpage
[youtube] 7svMLLxcJYE: Downloading ios player API JSON
[youtube] 7svMLLxcJYE: Downloading mweb player API JSON
[youtube] 7svMLLxcJYE: Downloading ios music player API JSON
[youtube] 7svMLLxcJYE: Downloading player 37364e28
WARNING: [youtube] 7svMLLxcJYE: Signature extraction failed: Some formats may be missing
[youtube] 7svMLLxcJYE: Downloading m3u8 information
[download] Downloading item [0;32m2[0m of [0;94m2[0m
[youtube] Extracting URL: https://music.youtube.com/watch?v=up_IUfCFHao
[youtube] up_IUfCFHao: Downloading webpage
[youtube] up_IUfCFHao: Downloading ios player API JSON
[youtube] up_IUfCFHao: Downloading mweb player API JSON
[youtube] up_IUfCFHao: Downloading ios music player API JSON
WARNING: [youtube] up_IUfCFHao: Signature extraction failed: Some formats may be missing
[youtube] up_IUfCFHao: Downloading m3u8 information
[download] Finished downloading playlist: A télécharger
NEW URL : https://music.youtube.com/playlist?list=PLHN0SCs81_xmjwEQzh42bOI-YSqGEZ3-U
[youtube:tab] Extracting URL: https://music.youtube.com/playlist?list=PLHN0SCs81_xmjwEQzh42bOI-YSqGEZ3-U
WARNING: [youtube:tab] YouTube Music is not directly supported. Redirecting to https://www.youtube.com/playlist?list=PLHN0SCs81_xmjwEQzh42bOI-YSqGEZ3-U
[youtube:tab] PLHN0SCs81_xmjwEQzh42bOI-YSqGEZ3-U: Downloading webpage
[youtube:tab] PLHN0SCs81_xmjwEQzh42bOI-YSqGEZ3-U: Redownloading playlist API JSON with unavailable videos
[download] Downloading playlist: A télécharger
[youtube:tab] PLHN0SCs81_xmjwEQzh42bOI-YSqGEZ3-U page 1: Downloading API JSON
[youtube:tab] Playlist A télécharger: Downloading 2 items of 2
[download] Downloading item [0;32m1[0m of [0;94m2[0m
[download] Downloading item [0;32m2[0m of [0;94m2[0m
[download] Finished downloading playlist: A télécharger
NEW URL : https://music.youtube.com/playlist?list=PLHN0SCs81_xmjwEQzh42bOI-YSqGEZ3-U
[youtube:tab] Extracting URL: https://music.youtube.com/playlist?list=PLHN0SCs81_xmjwEQzh42bOI-YSqGEZ3-U
WARNING: [youtube:tab] YouTube Music is not directly supported. Redirecting to https://www.youtube.com/playlist?list=PLHN0SCs81_xmjwEQzh42bOI-YSqGEZ3-U
[youtube:tab] PLHN0SCs81_xmjwEQzh42bOI-YSqGEZ3-U: Downloading webpage
[youtube:tab] PLHN0SCs81_xmjwEQzh42bOI-YSqGEZ3-U: Redownloading playlist API JSON with unavailable videos
[download] Downloading playlist: A télécharger
[youtube:tab] PLHN0SCs81_xmjwEQzh42bOI-YSqGEZ3-U page 1: Downloading API JSON
[youtube:tab] Playlist A télécharger: Downloading 2 items of 2
[download] Downloading item [0;32m1[0m of [0;94m2[0m
[youtube] Extracting URL: https://music.youtube.com/watch?v=7svMLLxcJYE
[youtube] 7svMLLxcJYE: Downloading webpage
[youtube] 7svMLLxcJYE: Downloading ios player API JSON
[youtube] 7svMLLxcJYE: Downloading mweb player API JSON
[youtube] 7svMLLxcJYE: Downloading ios music player API JSON
[youtube] 7svMLLxcJYE: Downloading player 37364e28
WARNING: [youtube] 7svMLLxcJYE: Signature extraction failed: Some formats may be missing
[youtube] 7svMLLxcJYE: Downloading m3u8 information
[download] Downloading item [0;32m2[0m of [0;94m2[0m
[youtube] Extracting URL: https://music.youtube.com/watch?v=up_IUfCFHao
[youtube] up_IUfCFHao: Downloading webpage
[youtube] up_IUfCFHao: Downloading ios player API JSON
[youtube] up_IUfCFHao: Downloading mweb player API JSON
[youtube] up_IUfCFHao: Downloading ios music player API JSON
WARNING: [youtube] up_IUfCFHao: Signature extraction failed: Some formats may be missing
[youtube] up_IUfCFHao: Downloading m3u8 information
[download] Finished downloading playlist: A télécharger
NEW URL : https://music.youtube.com/playlist?list=PLHN0SCs81_xmjwEQzh42bOI-YSqGEZ3-U
[youtube:tab] Extracting URL: https://music.youtube.com/playlist?list=PLHN0SCs81_xmjwEQzh42bOI-YSqGEZ3-U
WARNING: [youtube:tab] YouTube Music is not directly supported. Redirecting to https://www.youtube.com/playlist?list=PLHN0SCs81_xmjwEQzh42bOI-YSqGEZ3-U
[youtube:tab] PLHN0SCs81_xmjwEQzh42bOI-YSqGEZ3-U: Downloading webpage
[youtube:tab] PLHN0SCs81_xmjwEQzh42bOI-YSqGEZ3-U: Redownloading playlist API JSON with unavailable videos
[download] Downloading playlist: A télécharger
[youtube:tab] PLHN0SCs81_xmjwEQzh42bOI-YSqGEZ3-U page 1: Downloading API JSON
[youtube:tab] Playlist A télécharger: Downloading 2 items of 2
[download] Downloading item [0;32m1[0m of [0;94m2[0m
[download] Downloading item [0;32m2[0m of [0;94m2[0m
[download] Finished downloading playlist: A télécharger
NEW URL : https://music.youtube.com/playlist?list=PLHN0SCs81_xmjwEQzh42bOI-YSqGEZ3-U
[youtube:tab] Extracting URL: https://music.youtube.com/playlist?list=PLHN0SCs81_xmjwEQzh42bOI-YSqGEZ3-U
WARNING: [youtube:tab] YouTube Music is not directly supported. Redirecting to https://www.youtube.com/playlist?list=PLHN0SCs81_xmjwEQzh42bOI-YSqGEZ3-U
[youtube:tab] PLHN0SCs81_xmjwEQzh42bOI-YSqGEZ3-U: Downloading webpage
[youtube:tab] PLHN0SCs81_xmjwEQzh42bOI-YSqGEZ3-U: Redownloading playlist API JSON with unavailable videos
[download] Downloading playlist: A télécharger
[youtube:tab] PLHN0SCs81_xmjwEQzh42bOI-YSqGEZ3-U page 1: Downloading API JSON
[youtube:tab] Playlist A télécharger: Downloading 2 items of 2
[download] Downloading item [0;32m1[0m of [0;94m2[0m
[youtube] Extracting URL: https://music.youtube.com/watch?v=7svMLLxcJYE
[youtube] 7svMLLxcJYE: Downloading webpage
[youtube] 7svMLLxcJYE: Downloading ios player API JSON
[youtube] 7svMLLxcJYE: Downloading mweb player API JSON
[youtube] 7svMLLxcJYE: Downloading ios music player API JSON
[youtube] 7svMLLxcJYE: Downloading player 37364e28
WARNING: [youtube] 7svMLLxcJYE: Signature extraction failed: Some formats may be missing
[youtube] 7svMLLxcJYE: Downloading m3u8 information
[download] Downloading item [0;32m2[0m of [0;94m2[0m
[youtube] Extracting URL: https://music.youtube.com/watch?v=up_IUfCFHao
[youtube] up_IUfCFHao: Downloading webpage
[youtube] up_IUfCFHao: Downloading ios player API JSON
[youtube] up_IUfCFHao: Downloading mweb player API JSON
[youtube] up_IUfCFHao: Downloading ios music player API JSON
WARNING: [youtube] up_IUfCFHao: Signature extraction failed: Some formats may be missing
[youtube] up_IUfCFHao: Downloading m3u8 information
[download] Finished downloading playlist: A télécharger
NEW URL : https://music.youtube.com/playlist?list=PLHN0SCs81_xmjwEQzh42bOI-YSqGEZ3-U
[youtube:tab] Extracting URL: https://music.youtube.com/playlist?list=PLHN0SCs81_xmjwEQzh42bOI-YSqGEZ3-U
WARNING: [youtube:tab] YouTube Music is not directly supported. Redirecting to https://www.youtube.com/playlist?list=PLHN0SCs81_xmjwEQzh42bOI-YSqGEZ3-U
[youtube:tab] PLHN0SCs81_xmjwEQzh42bOI-YSqGEZ3-U: Downloading webpage
[youtube:tab] PLHN0SCs81_xmjwEQzh42bOI-YSqGEZ3-U: Redownloading playlist API JSON with unavailable videos
[download] Downloading playlist: A télécharger
[youtube:tab] PLHN0SCs81_xmjwEQzh42bOI-YSqGEZ3-U page 1: Downloading API JSON
[youtube:tab] Playlist A télécharger: Downloading 2 items of 2
[download] Downloading item [0;32m1[0m of [0;94m2[0m
[download] Downloading item [0;32m2[0m of [0;94m2[0m
[download] Finished downloading playlist: A télécharger
NEW URL : https://music.youtube.com/playlist?list=PLHN0SCs81_xmjwEQzh42bOI-YSqGEZ3-U
[youtube:tab] Extracting URL: https://music.youtube.com/playlist?list=PLHN0SCs81_xmjwEQzh42bOI-YSqGEZ3-U
WARNING: [youtube:tab] YouTube Music is not directly supported. Redirecting to https://www.youtube.com/playlist?list=PLHN0SCs81_xmjwEQzh42bOI-YSqGEZ3-U
[youtube:tab] PLHN0SCs81_xmjwEQzh42bOI-YSqGEZ3-U: Downloading webpage
[youtube:tab] PLHN0SCs81_xmjwEQzh42bOI-YSqGEZ3-U: Redownloading playlist API JSON with unavailable videos
[download] Downloading playlist: A télécharger
[youtube:tab] PLHN0SCs81_xmjwEQzh42bOI-YSqGEZ3-U page 1: Downloading API JSON
[youtube:tab] Playlist A télécharger: Downloading 2 items of 2
[download] Downloading item [0;32m1[0m of [0;94m2[0m
[youtube] Extracting URL: https://music.youtube.com/watch?v=7svMLLxcJYE
[youtube] 7svMLLxcJYE: Downloading webpage
[youtube] 7svMLLxcJYE: Downloading ios player API JSON
[youtube] 7svMLLxcJYE: Downloading mweb player API JSON
[youtube] 7svMLLxcJYE: Downloading ios music player API JSON
[youtube] 7svMLLxcJYE: Downloading player 37364e28
WARNING: [youtube] 7svMLLxcJYE: Signature extraction failed: Some formats may be missing
[youtube] 7svMLLxcJYE: Downloading m3u8 information
[download] Downloading item [0;32m2[0m of [0;94m2[0m
[youtube] Extracting URL: https://music.youtube.com/watch?v=up_IUfCFHao
[youtube] up_IUfCFHao: Downloading webpage
[youtube] up_IUfCFHao: Downloading ios player API JSON
[youtube] up_IUfCFHao: Downloading mweb player API JSON
[youtube] up_IUfCFHao: Downloading ios music player API JSON
WARNING: [youtube] up_IUfCFHao: Signature extraction failed: Some formats may be missing
[youtube] up_IUfCFHao: Downloading m3u8 information
[download] Finished downloading playlist: A télécharger
[2025-01-28 14:41:30] : NEW URL : https://music.youtube.com/playlist?list=PLHN0SCs81_xmjwEQzh42bOI-YSqGEZ3-U
[2025-01-28 14:41:30] : [youtube:tab] Extracting URL: https://music.youtube.com/playlist?list=PLHN0SCs81_xmjwEQzh42bOI-YSqGEZ3-U
[2025-01-28 14:41:30] : WARNING: [youtube:tab] YouTube Music is not directly supported. Redirecting to https://www.youtube.com/playlist?list=PLHN0SCs81_xmjwEQzh42bOI-YSqGEZ3-U
[2025-01-28 14:41:30] : [youtube:tab] PLHN0SCs81_xmjwEQzh42bOI-YSqGEZ3-U: Downloading webpage
[2025-01-28 14:41:31] : [youtube:tab] PLHN0SCs81_xmjwEQzh42bOI-YSqGEZ3-U: Redownloading playlist API JSON with unavailable videos
[2025-01-28 14:41:32] : [download] Downloading playlist: A télécharger
[2025-01-28 14:41:32] : [youtube:tab] PLHN0SCs81_xmjwEQzh42bOI-YSqGEZ3-U page 1: Downloading API JSON
[2025-01-28 14:41:32] : [youtube:tab] Playlist A télécharger: Downloading 2 items of 2
[2025-01-28 14:41:32] : [download] Downloading item [0;32m1[0m of [0;94m2[0m
[2025-01-28 14:41:32] : [download] Downloading item [0;32m2[0m of [0;94m2[0m
[2025-01-28 14:41:32] : [download] Finished downloading playlist: A télécharger
[2025-01-28 14:41:33] : NEW URL : https://music.youtube.com/playlist?list=PLHN0SCs81_xmjwEQzh42bOI-YSqGEZ3-U
[2025-01-28 14:41:34] : [youtube:tab] Extracting URL: https://music.youtube.com/playlist?list=PLHN0SCs81_xmjwEQzh42bOI-YSqGEZ3-U
[2025-01-28 14:41:34] : WARNING: [youtube:tab] YouTube Music is not directly supported. Redirecting to https://www.youtube.com/playlist?list=PLHN0SCs81_xmjwEQzh42bOI-YSqGEZ3-U
[2025-01-28 14:41:34] : [youtube:tab] PLHN0SCs81_xmjwEQzh42bOI-YSqGEZ3-U: Downloading webpage
[2025-01-28 14:41:35] : [youtube:tab] PLHN0SCs81_xmjwEQzh42bOI-YSqGEZ3-U: Redownloading playlist API JSON with unavailable videos
[2025-01-28 14:41:35] : [download] Downloading playlist: A télécharger
[2025-01-28 14:41:35] : [youtube:tab] PLHN0SCs81_xmjwEQzh42bOI-YSqGEZ3-U page 1: Downloading API JSON
[2025-01-28 14:41:35] : [youtube:tab] Playlist A télécharger: Downloading 2 items of 2
[2025-01-28 14:41:35] : [download] Downloading item [0;32m1[0m of [0;94m2[0m
[2025-01-28 14:41:35] : [youtube] Extracting URL: https://music.youtube.com/watch?v=7svMLLxcJYE
[2025-01-28 14:41:35] : [youtube] 7svMLLxcJYE: Downloading webpage
[2025-01-28 14:41:36] : [youtube] 7svMLLxcJYE: Downloading ios player API JSON
[2025-01-28 14:41:36] : [youtube] 7svMLLxcJYE: Downloading mweb player API JSON
[2025-01-28 14:41:36] : [youtube] 7svMLLxcJYE: Downloading ios music player API JSON
[2025-01-28 14:41:36] : [youtube] 7svMLLxcJYE: Downloading player 37364e28
[2025-01-28 14:41:38] : WARNING: [youtube] 7svMLLxcJYE: Signature extraction failed: Some formats may be missing
[2025-01-28 14:41:40] : [youtube] 7svMLLxcJYE: Downloading m3u8 information
[2025-01-28 14:41:40] : [download] Downloading item [0;32m2[0m of [0;94m2[0m
[2025-01-28 14:41:40] : [youtube] Extracting URL: https://music.youtube.com/watch?v=up_IUfCFHao
[2025-01-28 14:41:40] : [youtube] up_IUfCFHao: Downloading webpage
[2025-01-28 14:41:41] : [youtube] up_IUfCFHao: Downloading ios player API JSON
[2025-01-28 14:41:41] : [youtube] up_IUfCFHao: Downloading mweb player API JSON
[2025-01-28 14:41:42] : [youtube] up_IUfCFHao: Downloading ios music player API JSON
[2025-01-28 14:41:42] : WARNING: [youtube] up_IUfCFHao: Signature extraction failed: Some formats may be missing
[2025-01-28 14:41:42] : [youtube] up_IUfCFHao: Downloading m3u8 information
[2025-01-28 14:41:42] : [download] Finished downloading playlist: A télécharger
