NEW URL: https://music.youtube.com/watch?v=GnhubyNO6KQ
[youtube] Extracting URL: https://music.youtube.com/watch?v=GnhubyNO6KQ
[youtube] GnhubyNO6KQ: Downloading webpage
[youtube] GnhubyNO6KQ: Downloading ios player API JSON
[youtube] GnhubyNO6KQ: Downloading mweb player API JSON
[youtube] GnhubyNO6KQ: Downloading ios music player API JSON
[youtube] GnhubyNO6KQ: Downloading player 37364e28
WARNING: [youtube] GnhubyNO6KQ: Signature extraction failed: Some formats may be missing
[youtube] GnhubyNO6KQ: Downloading m3u8 information
[info] GnhubyNO6KQ: Downloading 1 format(s): 251
[download] Destination: C:\Users\Nathanaëlle\Downloads\Pause.webm
[download] [0;94m  0.0%[0m of    3.02MiB at [0;32m   1.49KiB/s[0m ETA [0;33m34:25[0m
[download] [0;94m  0.1%[0m of    3.02MiB at [0;32m   3.56KiB/s[0m ETA [0;33m14:25[0m
[download] [0;94m  0.2%[0m of    3.02MiB at [0;32m   7.68KiB/s[0m ETA [0;33m06:41[0m
[download] [0;94m  0.4%[0m of    3.02MiB at [0;32m  15.87KiB/s[0m ETA [0;33m03:13[0m
[download] [0;94m  0.8%[0m of    3.02MiB at [0;32m  32.42KiB/s[0m ETA [0;33m01:34[0m
[download] [0;94m  1.5%[0m of    3.02MiB at [0;32m  65.17KiB/s[0m ETA [0;33m00:46[0m
[download] [0;94m  3.1%[0m of    3.02MiB at [0;32m 128.53KiB/s[0m ETA [0;33m00:23[0m
[download] [0;94m  6.2%[0m of    3.02MiB at [0;32m 244.91KiB/s[0m ETA [0;33m00:11[0m
[download] [0;94m 12.4%[0m of    3.02MiB at [0;32m 369.48KiB/s[0m ETA [0;33m00:07[0m
[download] [0;94m 24.8%[0m of    3.02MiB at [0;32m 490.48KiB/s[0m ETA [0;33m00:04[0m
[download] [0;94m 48.3%[0m of    3.02MiB at [0;32m 636.30KiB/s[0m ETA [0;33m00:02[0m
[download] [0;94m 78.3%[0m of    3.02MiB at [0;32m 703.91KiB/s[0m ETA [0;33m00:00[0m
[download] [0;94m100.0%[0m of    3.02MiB at [0;32m 766.06KiB/s[0m ETA [0;33m00:00[0m
[download] 100% of    3.02MiB in [1;37m00:00:04[0m at [0;32m746.31KiB/s[0m
[ExtractAudio] Destination: C:\Users\Nathanaëlle\Downloads\Pause.mp3
Deleting original file C:\Users\Nathanaëlle\Downloads\Pause.webm (pass -k to keep)
NEW URL: https://music.youtube.com/watch?v=1_Yflcii4Fo
[youtube] Extracting URL: https://music.youtube.com/watch?v=1_Yflcii4Fo
[youtube] 1_Yflcii4Fo: Downloading webpage
[youtube] 1_Yflcii4Fo: Downloading ios player API JSON
[youtube] 1_Yflcii4Fo: Downloading mweb player API JSON
[youtube] 1_Yflcii4Fo: Downloading ios music player API JSON
[youtube] 1_Yflcii4Fo: Downloading player 37364e28
WARNING: [youtube] 1_Yflcii4Fo: Signature extraction failed: Some formats may be missing
[youtube] 1_Yflcii4Fo: Downloading m3u8 information
[info] 1_Yflcii4Fo: Downloading 1 format(s): 251
[download] Destination: C:\Users\Nathanaëlle\Downloads\Laisse aller ton corps.webm
[download]   0.0% of    3.02MiB at  136.97KiB/s ETA 00:22
[download]   0.1% of    3.02MiB at  222.50KiB/s ETA 00:13
[download]   0.2% of    3.02MiB at  519.16KiB/s ETA 00:05
[download]   0.5% of    3.02MiB at  364.07KiB/s ETA 00:08
[download]   1.0% of    3.02MiB at  700.20KiB/s ETA 00:04
[download]   2.0% of    3.02MiB at    1.28MiB/s ETA 00:02
[download]   4.1% of    3.02MiB at    1.09MiB/s ETA 00:02
[download]   8.2% of    3.02MiB at  980.19KiB/s ETA 00:02
[download]  16.5% of    3.02MiB at    1.16MiB/s ETA 00:02
[download]  33.1% of    3.02MiB at    1.10MiB/s ETA 00:01
[download]  66.2% of    3.02MiB at    1.09MiB/s ETA 00:00
[download] 100.0% of    3.02MiB at    1.07MiB/s ETA 00:00
[download] 100% of    3.02MiB in 00:00:02 at 1.01MiB/s
[ExtractAudio] Destination: C:\Users\Nathanaëlle\Downloads\Laisse aller ton corps.mp3
Deleting original file C:\Users\Nathanaëlle\Downloads\Laisse aller ton corps.webm (pass -k to keep)
NEW URL: https://music.youtube.com/watch?v=FxEiWg2IeZc
[youtube] Extracting URL: https://music.youtube.com/watch?v=FxEiWg2IeZc
[youtube] FxEiWg2IeZc: Downloading webpage
[youtube] FxEiWg2IeZc: Downloading ios player API JSON
[youtube] FxEiWg2IeZc: Downloading mweb player API JSON
[youtube] FxEiWg2IeZc: Downloading ios music player API JSON
[youtube] FxEiWg2IeZc: Downloading player 37364e28
WARNING: [youtube] FxEiWg2IeZc: Signature extraction failed: Some formats may be missing
[youtube] FxEiWg2IeZc: Downloading m3u8 information
[info] FxEiWg2IeZc: Downloading 1 format(s): 251
[download] Destination: C:\Users\Nathanaëlle\Downloads\Insomnies.webm
NEW URL: https://music.youtube.com/watch?v=NvkV2K_nfxs&si=g4ldA_rA4CoeZ61a
[youtube] Extracting URL: https://music.youtube.com/watch?v=NvkV2K_nfxs&si=g4ldA_rA4CoeZ61a
[youtube] NvkV2K_nfxs: Downloading webpage
[youtube] NvkV2K_nfxs: Downloading ios player API JSON
[youtube] NvkV2K_nfxs: Downloading mweb player API JSON
[youtube] NvkV2K_nfxs: Downloading ios music player API JSON
[youtube] NvkV2K_nfxs: Downloading player 1080ef44
WARNING: [youtube] NvkV2K_nfxs: Signature extraction failed: Some formats may be missing
[youtube] NvkV2K_nfxs: Downloading m3u8 information
[info] NvkV2K_nfxs: Downloading 1 format(s): 251
[download] Destination: C:\Users\Nathanaëlle\Downloads\être biennn.webm
[download]   0.0% of    3.50MiB at   35.56KiB/s ETA 01:40
NEW URL: https://music.youtube.com/watch?v=eNJKEmAi9DU
[youtube] Extracting URL: https://music.youtube.com/watch?v=eNJKEmAi9DU
[youtube] eNJKEmAi9DU: Downloading webpage
[youtube] eNJKEmAi9DU: Downloading ios player API JSON
[youtube] eNJKEmAi9DU: Downloading mweb player API JSON
[youtube] eNJKEmAi9DU: Downloading ios music player API JSON
[youtube] eNJKEmAi9DU: Downloading player 37364e28
WARNING: [youtube] eNJKEmAi9DU: Signature extraction failed: Some formats may be missing
[youtube] eNJKEmAi9DU: Downloading m3u8 information
[info] eNJKEmAi9DU: Downloading 1 format(s): 251
[download] Destination: C:\Users\Nathanaëlle\Downloads\instable.webm
[download]   0.0% of    3.02MiB at   11.09KiB/s ETA 04:38
NEW URL: https://music.youtube.com/watch?v=eNJKEmAi9DU&si=NvLXonrxCYC3oRFG
[youtube] Extracting URL: https://music.youtube.com/watch?v=eNJKEmAi9DU&si=NvLXonrxCYC3oRFG
[youtube] eNJKEmAi9DU: Downloading webpage
[youtube] eNJKEmAi9DU: Downloading ios player API JSON
[youtube] eNJKEmAi9DU: Downloading mweb player API JSON
[youtube] eNJKEmAi9DU: Downloading ios music player API JSON
[youtube] eNJKEmAi9DU: Downloading player 37364e28
WARNING: [youtube] eNJKEmAi9DU: Signature extraction failed: Some formats may be missing
[youtube] eNJKEmAi9DU: Downloading m3u8 information
WARNING: [youtube] Failed to download m3u8 information: <urllib3.connection.HTTPSConnection object at 0x0000015E400E0D70>: Failed to resolve 'manifest.googlevideo.com' ([Errno 11001] getaddrinfo failed)
[info] eNJKEmAi9DU: Downloading 1 format(s): 251
[download] Resuming download at byte 1024
NEW URL: https://music.youtube.com/watch?v=eNJKEmAi9DU&si=NvLXonrxCYC3oRFG
[youtube] Extracting URL: https://music.youtube.com/watch?v=eNJKEmAi9DU&si=NvLXonrxCYC3oRFG
[youtube] eNJKEmAi9DU: Downloading webpage
[youtube] eNJKEmAi9DU: Downloading ios player API JSON
[youtube] eNJKEmAi9DU: Downloading mweb player API JSON
[youtube] eNJKEmAi9DU: Downloading ios music player API JSON
[youtube] eNJKEmAi9DU: Downloading player 37364e28
WARNING: [youtube] eNJKEmAi9DU: Signature extraction failed: Some formats may be missing
[youtube] eNJKEmAi9DU: Downloading m3u8 information
[info] eNJKEmAi9DU: Downloading 1 format(s): 251
[download] Resuming download at byte 1024
NEW URL: https://music.youtube.com/watch?v=eNJKEmAi9DU&si=NvLXonrxCYC3oRFG
[youtube] Extracting URL: https://music.youtube.com/watch?v=eNJKEmAi9DU&si=NvLXonrxCYC3oRFG
[youtube] eNJKEmAi9DU: Downloading webpage
[youtube] eNJKEmAi9DU: Downloading ios player API JSON
[youtube] eNJKEmAi9DU: Downloading mweb player API JSON
[youtube] eNJKEmAi9DU: Downloading ios music player API JSON
[youtube] eNJKEmAi9DU: Downloading player 37364e28
WARNING: [youtube] eNJKEmAi9DU: Signature extraction failed: Some formats may be missing
[youtube] eNJKEmAi9DU: Downloading m3u8 information
WARNING: [youtube] Failed to download m3u8 information: <urllib3.connection.HTTPSConnection object at 0x0000015E4007BB00>: Failed to resolve 'manifest.googlevideo.com' ([Errno 11001] getaddrinfo failed)
[info] eNJKEmAi9DU: Downloading 1 format(s): 251
[download] Resuming download at byte 1024
NEW URL: https://music.youtube.com/watch?v=eNJKEmAi9DU
[youtube] Extracting URL: https://music.youtube.com/watch?v=eNJKEmAi9DU
[youtube] eNJKEmAi9DU: Downloading webpage
[youtube] eNJKEmAi9DU: Downloading ios player API JSON
[youtube] eNJKEmAi9DU: Downloading mweb player API JSON
[youtube] eNJKEmAi9DU: Downloading ios music player API JSON
[youtube] eNJKEmAi9DU: Downloading player 37364e28
WARNING: [youtube] eNJKEmAi9DU: Signature extraction failed: Some formats may be missing
[youtube] eNJKEmAi9DU: Downloading m3u8 information
[info] eNJKEmAi9DU: Downloading 1 format(s): 251
[download] Resuming download at byte 1024
[download] Destination: C:\Users\Nathanaëlle\Downloads\instable.webm
[download]   0.1% of    3.02MiB at    9.01KiB/s ETA 05:42
NEW URL: https://music.youtube.com/watch?v=eNJKEmAi9DU
[youtube] Extracting URL: https://music.youtube.com/watch?v=eNJKEmAi9DU
[youtube] eNJKEmAi9DU: Downloading webpage
[youtube] eNJKEmAi9DU: Downloading ios player API JSON
[youtube] eNJKEmAi9DU: Downloading mweb player API JSON
[youtube] eNJKEmAi9DU: Downloading ios music player API JSON
[youtube] eNJKEmAi9DU: Downloading player 37364e28
WARNING: [youtube] eNJKEmAi9DU: Signature extraction failed: Some formats may be missing
[youtube] eNJKEmAi9DU: Downloading m3u8 information
[info] eNJKEmAi9DU: Downloading 1 format(s): 251
[download] Resuming download at byte 2048
[download] Destination: C:\Users\Nathanaëlle\Downloads\instable.webm
[download]   0.1% of    3.02MiB at   16.16KiB/s ETA 03:10
NEW URL: https://music.youtube.com/watch?v=eNJKEmAi9DU&si=NvLXonrxCYC3oRFG
[youtube] Extracting URL: https://music.youtube.com/watch?v=eNJKEmAi9DU&si=NvLXonrxCYC3oRFG
[youtube] eNJKEmAi9DU: Downloading webpage
[youtube] eNJKEmAi9DU: Downloading ios player API JSON
[youtube] eNJKEmAi9DU: Downloading mweb player API JSON
[youtube] eNJKEmAi9DU: Downloading ios music player API JSON
[youtube] eNJKEmAi9DU: Downloading player 37364e28
WARNING: [youtube] eNJKEmAi9DU: Signature extraction failed: Some formats may be missing
[youtube] eNJKEmAi9DU: Downloading m3u8 information
[info] eNJKEmAi9DU: Downloading 1 format(s): 251
[download] Resuming download at byte 3072
[download] Destination: C:\Users\Nathanaëlle\Downloads\instable.webm
[download]   0.1% of    3.02MiB at   22.88KiB/s ETA 02:14
[download]   0.2% of    3.02MiB at   15.85KiB/s ETA 03:14
[download]   0.3% of    3.02MiB at   23.31KiB/s ETA 02:12
[download]   0.6% of    3.02MiB at   40.79KiB/s ETA 01:15
[download]   1.1% of    3.02MiB at   72.74KiB/s ETA 00:41
[download]   2.1% of    3.02MiB at  118.61KiB/s ETA 00:25
[download]   4.2% of    3.02MiB at  190.76KiB/s ETA 00:15
[download]   8.4% of    3.02MiB at  336.29KiB/s ETA 00:08
[download]  16.6% of    3.02MiB at  461.65KiB/s ETA 00:05
[download]  33.2% of    3.02MiB at  568.19KiB/s ETA 00:03
[download]  57.1% of    3.02MiB at  724.53KiB/s ETA 00:01
[download]  95.0% of    3.02MiB at  798.13KiB/s ETA 00:00
[download] 100.0% of    3.02MiB at  816.58KiB/s ETA 00:00
[download] 100% of    3.02MiB in 00:00:04 at 736.82KiB/s
[ExtractAudio] Destination: C:\Users\Nathanaëlle\Downloads\instable.mp3
Deleting original file C:\Users\Nathanaëlle\Downloads\instable.webm (pass -k to keep)
NEW URL: https://music.youtube.com/watch?v=eNJKEmAi9DU&si=NvLXonrxCYC3oRFG
[youtube] Extracting URL: https://music.youtube.com/watch?v=eNJKEmAi9DU&si=NvLXonrxCYC3oRFG
[youtube] eNJKEmAi9DU: Downloading webpage
[youtube] eNJKEmAi9DU: Downloading ios player API JSON
[youtube] eNJKEmAi9DU: Downloading mweb player API JSON
[youtube] eNJKEmAi9DU: Downloading ios music player API JSON
[youtube] eNJKEmAi9DU: Downloading player 1080ef44
WARNING: [youtube] eNJKEmAi9DU: Signature extraction failed: Some formats may be missing
[youtube] eNJKEmAi9DU: Downloading m3u8 information
[info] eNJKEmAi9DU: Downloading 1 format(s): 251
[download] Destination: C:\Users\Nathanaëlle\Downloads\instable.webm
[download]   0.0% of    3.02MiB at   30.72KiB/s ETA 01:40
[download]   0.1% of    3.02MiB at   27.25KiB/s ETA 01:53
[download]   0.2% of    3.02MiB at   40.16KiB/s ETA 01:16
[download]   0.5% of    3.02MiB at   71.94KiB/s ETA 00:42
[download]   1.0% of    3.02MiB at  130.32KiB/s ETA 00:23
[download]   2.0% of    3.02MiB at  195.46KiB/s ETA 00:15
[download]   4.1% of    3.02MiB at  287.33KiB/s ETA 00:10
[download]   8.3% of    3.02MiB at  521.04KiB/s ETA 00:05
[download]  16.5% of    3.02MiB at   82.22KiB/s ETA 00:31
[download]  20.7% of    3.02MiB at  102.04KiB/s ETA 00:24
[download]  29.0% of    3.02MiB at  136.37KiB/s ETA 00:16
[download]  45.6% of    3.02MiB at  201.77KiB/s ETA 00:08
[download]  78.7% of    3.02MiB at  287.60KiB/s ETA 00:02
[download] 100.0% of    3.02MiB at  331.49KiB/s ETA 00:00
[download] 100% of    3.02MiB in 00:00:10 at 290.10KiB/s
[ExtractAudio] Destination: C:\Users\Nathanaëlle\Downloads\instable.mp3
Deleting original file C:\Users\Nathanaëlle\Downloads\instable.webm (pass -k to keep)
NEW URL: https://music.youtube.com/watch?v=eNJKEmAi9DU&si=NvLXonrxCYC3oRFG
[youtube] Extracting URL: https://music.youtube.com/watch?v=eNJKEmAi9DU&si=NvLXonrxCYC3oRFG
[youtube] eNJKEmAi9DU: Downloading webpage
[youtube] eNJKEmAi9DU: Downloading ios player API JSON
[youtube] eNJKEmAi9DU: Downloading mweb player API JSON
[youtube] eNJKEmAi9DU: Downloading ios music player API JSON
[youtube] eNJKEmAi9DU: Downloading player 37364e28
WARNING: [youtube] eNJKEmAi9DU: Signature extraction failed: Some formats may be missing
[youtube] eNJKEmAi9DU: Downloading m3u8 information
[info] eNJKEmAi9DU: Downloading 1 format(s): 251
[download] Destination: C:\Users\Nathanaëlle\Downloads\instable.webm
[download]   0.0% of    3.02MiB at   15.86KiB/s ETA 03:14
[download]   0.1% of    3.02MiB at   20.96KiB/s ETA 02:27
[download]   0.2% of    3.02MiB at   18.12KiB/s ETA 02:50
[download]   0.5% of    3.02MiB at   31.65KiB/s ETA 01:37
[download]   1.0% of    3.02MiB at   50.40KiB/s ETA 01:00
[download]   2.0% of    3.02MiB at   83.16KiB/s ETA 00:36
[download]   4.1% of    3.02MiB at  129.69KiB/s ETA 00:22
[download]   8.3% of    3.02MiB at  201.36KiB/s ETA 00:14
[download]  16.5% of    3.02MiB at  286.30KiB/s ETA 00:09
[download]  32.5% of    3.02MiB at  297.43KiB/s ETA 00:07
[download]  42.6% of    3.02MiB at  279.39KiB/s ETA 00:06
[download]  50.1% of    3.02MiB at  306.31KiB/s ETA 00:05
[download]  65.2% of    3.02MiB at  336.73KiB/s ETA 00:03
[download]  81.5% of    3.02MiB at  374.11KiB/s ETA 00:01
[download] 100.0% of    3.02MiB at  396.91KiB/s ETA 00:00
[download] 100% of    3.02MiB in 00:00:08 at 364.61KiB/s
[ExtractAudio] Destination: C:\Users\Nathanaëlle\Downloads\instable.mp3
Deleting original file C:\Users\Nathanaëlle\Downloads\instable.webm (pass -k to keep)
NEW URL: https://music.youtube.com/watch?v=0VgUVVS9RQ8
[youtube] Extracting URL: https://music.youtube.com/watch?v=0VgUVVS9RQ8
[youtube] 0VgUVVS9RQ8: Downloading webpage
[youtube] 0VgUVVS9RQ8: Downloading ios player API JSON
[youtube] 0VgUVVS9RQ8: Downloading mweb player API JSON
[youtube] 0VgUVVS9RQ8: Downloading ios music player API JSON
[youtube] 0VgUVVS9RQ8: Downloading player 37364e28
WARNING: [youtube] 0VgUVVS9RQ8: Signature extraction failed: Some formats may be missing
[youtube] 0VgUVVS9RQ8: Downloading m3u8 information
[info] 0VgUVVS9RQ8: Downloading 1 format(s): 251
[download] Destination: C:\Users\Nathanaëlle\Downloads\Marcher droit.webm
[download]   0.0% of    3.81MiB at   63.72KiB/s ETA 01:01
[download]   0.1% of    3.81MiB at   35.35KiB/s ETA 01:50
[download]   0.2% of    3.81MiB at   49.35KiB/s ETA 01:18
[download]   0.4% of    3.81MiB at   56.59KiB/s ETA 01:08
[download]   0.8% of    3.81MiB at   81.77KiB/s ETA 00:47
[download]   1.6% of    3.81MiB at  111.07KiB/s ETA 00:34
[download]   3.3% of    3.81MiB at  192.95KiB/s ETA 00:19
[download]   6.5% of    3.81MiB at  330.36KiB/s ETA 00:11
[download]  13.1% of    3.81MiB at  550.15KiB/s ETA 00:06
[download]  26.2% of    3.81MiB at  914.30KiB/s ETA 00:03
[download]  52.5% of    3.81MiB at    1.13MiB/s ETA 00:01
[download]  93.4% of    3.81MiB at    1.35MiB/s ETA 00:00
[download] 100.0% of    3.81MiB at    1.38MiB/s ETA 00:00
[download] 100% of    3.81MiB in 00:00:03 at 1.10MiB/s
[ExtractAudio] Destination: C:\Users\Nathanaëlle\Downloads\Marcher droit.mp3
Deleting original file C:\Users\Nathanaëlle\Downloads\Marcher droit.webm (pass -k to keep)
NEW URL: https://music.youtube.com/watch?v=0VgUVVS9RQ8
[youtube] Extracting URL: https://music.youtube.com/watch?v=0VgUVVS9RQ8
[youtube] 0VgUVVS9RQ8: Downloading webpage
[youtube] 0VgUVVS9RQ8: Downloading ios player API JSON
[youtube] 0VgUVVS9RQ8: Downloading mweb player API JSON
[youtube] 0VgUVVS9RQ8: Downloading ios music player API JSON
[youtube] 0VgUVVS9RQ8: Downloading player 37364e28
WARNING: [youtube] 0VgUVVS9RQ8: Signature extraction failed: Some formats may be missing
[youtube] 0VgUVVS9RQ8: Downloading m3u8 information
[info] 0VgUVVS9RQ8: Downloading 1 format(s): 251
[download] Destination: C:\Users\Nathanaëlle\Downloads\Marcher droit.webm
[download]   0.0% of    3.81MiB at   55.63KiB/s ETA 01:10
[download]   0.1% of    3.81MiB at   17.87KiB/s ETA 03:37
[download]   0.2% of    3.81MiB at   18.44KiB/s ETA 03:30
[download]   0.4% of    3.81MiB at   26.36KiB/s ETA 02:27
[download]   0.8% of    3.81MiB at   37.41KiB/s ETA 01:43
[download]   1.6% of    3.81MiB at   69.98KiB/s ETA 00:54
[download]   3.3% of    3.81MiB at  121.88KiB/s ETA 00:30
[download]   6.5% of    3.81MiB at  215.11KiB/s ETA 00:16
[download]  13.1% of    3.81MiB at  302.34KiB/s ETA 00:11
[download]  26.1% of    3.81MiB at  375.11KiB/s ETA 00:07
[download]  38.8% of    3.81MiB at  441.96KiB/s ETA 00:05
[download]  56.7% of    3.81MiB at  516.73KiB/s ETA 00:03
[download]  77.7% of    3.81MiB at  599.28KiB/s ETA 00:01
[download] 100.0% of    3.81MiB at  705.57KiB/s ETA 00:00
[download] 100% of    3.81MiB in 00:00:05 at 667.89KiB/s
[ExtractAudio] Destination: C:\Users\Nathanaëlle\Downloads\Marcher droit.mp3
Deleting original file C:\Users\Nathanaëlle\Downloads\Marcher droit.webm (pass -k to keep)
NEW URL: https://music.youtube.com/watch?v=uNr-9ajB5vk
[youtube] Extracting URL: https://music.youtube.com/watch?v=uNr-9ajB5vk
[youtube] uNr-9ajB5vk: Downloading webpage
[youtube] uNr-9ajB5vk: Downloading ios player API JSON
[youtube] uNr-9ajB5vk: Downloading mweb player API JSON
[youtube] uNr-9ajB5vk: Downloading ios music player API JSON
[youtube] uNr-9ajB5vk: Downloading player 37364e28
WARNING: [youtube] uNr-9ajB5vk: Signature extraction failed: Some formats may be missing
[youtube] uNr-9ajB5vk: Downloading m3u8 information
[info] uNr-9ajB5vk: Downloading 1 format(s): 251
[download] Destination: C:\Users\Nathanaëlle\Downloads\Regardez-moi.webm
[download]   0.0% of    2.86MiB at   21.27KiB/s ETA 02:17
[download]   0.1% of    2.86MiB at   27.21KiB/s ETA 01:47
[download]   0.2% of    2.86MiB at   40.19KiB/s ETA 01:12
[download]   0.5% of    2.86MiB at   59.61KiB/s ETA 00:48
[download]   1.1% of    2.86MiB at   89.64KiB/s ETA 00:32
[download]   2.1% of    2.86MiB at  158.61KiB/s ETA 00:18
[download]   4.3% of    2.86MiB at  299.28KiB/s ETA 00:09
[download]   8.7% of    2.86MiB at  507.09KiB/s ETA 00:05
[download]  17.4% of    2.86MiB at  625.30KiB/s ETA 00:03
[download]  34.9% of    2.86MiB at  762.28KiB/s ETA 00:02
[download]  68.2% of    2.86MiB at  860.41KiB/s ETA 00:01
[download] 100.0% of    2.86MiB at  924.35KiB/s ETA 00:00
[download] 100% of    2.86MiB in 00:00:03 at 868.03KiB/s
[ExtractAudio] Destination: C:\Users\Nathanaëlle\Downloads\Regardez-moi.mp3
Deleting original file C:\Users\Nathanaëlle\Downloads\Regardez-moi.webm (pass -k to keep)
NEW URL: https://music.youtube.com/watch?v=bb0j-HHu24s
[youtube] Extracting URL: https://music.youtube.com/watch?v=bb0j-HHu24s
[youtube] bb0j-HHu24s: Downloading webpage
[youtube] bb0j-HHu24s: Downloading ios player API JSON
[youtube] bb0j-HHu24s: Downloading mweb player API JSON
[youtube] bb0j-HHu24s: Downloading ios music player API JSON
[youtube] bb0j-HHu24s: Downloading player 37364e28
WARNING: [youtube] bb0j-HHu24s: Signature extraction failed: Some formats may be missing
[youtube] bb0j-HHu24s: Downloading m3u8 information
[info] bb0j-HHu24s: Downloading 1 format(s): 251
[download] Destination: C:\Users\Nathanaëlle\Downloads\On s'écrira.webm
[download]   0.0% of    2.77MiB at   21.57KiB/s ETA 02:11
[download]   0.1% of    2.77MiB at   13.62KiB/s ETA 03:28
[download]   0.2% of    2.77MiB at   18.52KiB/s ETA 02:33
[download]   0.5% of    2.77MiB at   31.69KiB/s ETA 01:29
[download]   1.1% of    2.77MiB at   50.35KiB/s ETA 00:55
[download]   2.2% of    2.77MiB at   85.04KiB/s ETA 00:32
[download]   4.5% of    2.77MiB at  149.28KiB/s ETA 00:18
[download]   9.0% of    2.77MiB at  269.92KiB/s ETA 00:09
[download]  18.0% of    2.77MiB at  360.56KiB/s ETA 00:06
[download]  36.0% of    2.77MiB at  492.96KiB/s ETA 00:03
[download]  63.4% of    2.77MiB at  630.81KiB/s ETA 00:01
[download]  98.5% of    2.77MiB at  664.05KiB/s ETA 00:00
[download] 100.0% of    2.77MiB at  652.16KiB/s ETA 00:00
[download] 100% of    2.77MiB in 00:00:04 at 595.74KiB/s
[ExtractAudio] Destination: C:\Users\Nathanaëlle\Downloads\On s'écrira.mp3
Deleting original file C:\Users\Nathanaëlle\Downloads\On s'écrira.webm (pass -k to keep)
NEW URL: https://music.youtube.com/watch?v=uNr-9ajB5vk
[youtube] Extracting URL: https://music.youtube.com/watch?v=uNr-9ajB5vk
[youtube] uNr-9ajB5vk: Downloading webpage
[youtube] uNr-9ajB5vk: Downloading ios player API JSON
[youtube] uNr-9ajB5vk: Downloading mweb player API JSON
[youtube] uNr-9ajB5vk: Downloading ios music player API JSON
[youtube] uNr-9ajB5vk: Downloading player 37364e28
WARNING: [youtube] uNr-9ajB5vk: Signature extraction failed: Some formats may be missing
[youtube] uNr-9ajB5vk: Downloading m3u8 information
[info] uNr-9ajB5vk: Downloading 1 format(s): 251
[download] Destination: C:\Users\Nathanaëlle\Downloads\Regardez-moi.webm
[download]   0.0% of    2.86MiB at    9.19KiB/s ETA 05:19
[download]   0.1% of    2.86MiB at   11.50KiB/s ETA 04:14
[download]   0.2% of    2.86MiB at   18.40KiB/s ETA 02:39
[download]   0.5% of    2.86MiB at   31.91KiB/s ETA 01:31
[download]   1.1% of    2.86MiB at   52.55KiB/s ETA 00:55
[download]   2.1% of    2.86MiB at   94.82KiB/s ETA 00:30
[download]   4.3% of    2.86MiB at  162.13KiB/s ETA 00:17
[download]   8.7% of    2.86MiB at  268.84KiB/s ETA 00:09
[download]  17.4% of    2.86MiB at  437.25KiB/s ETA 00:05
[download]  34.9% of    2.86MiB at  639.28KiB/s ETA 00:02
[download]  69.8% of    2.86MiB at  828.54KiB/s ETA 00:01
[download] 100.0% of    2.86MiB at  910.91KiB/s ETA 00:00
[download] 100% of    2.86MiB in 00:00:03 at 833.54KiB/s
[ExtractAudio] Destination: C:\Users\Nathanaëlle\Downloads\Regardez-moi.mp3
Deleting original file C:\Users\Nathanaëlle\Downloads\Regardez-moi.webm (pass -k to keep)
NEW URL: https://music.youtube.com/watch?v=uNr-9ajB5vk
[youtube] Extracting URL: https://music.youtube.com/watch?v=uNr-9ajB5vk
[youtube] uNr-9ajB5vk: Downloading webpage
[youtube] uNr-9ajB5vk: Downloading ios player API JSON
[youtube] uNr-9ajB5vk: Downloading mweb player API JSON
[youtube] uNr-9ajB5vk: Downloading ios music player API JSON
[youtube] uNr-9ajB5vk: Downloading player 37364e28
WARNING: [youtube] uNr-9ajB5vk: Signature extraction failed: Some formats may be missing
[youtube] uNr-9ajB5vk: Downloading m3u8 information
[info] uNr-9ajB5vk: Downloading 1 format(s): 251
[download] Destination: C:\Users\Nathanaëlle\Downloads\Regardez-moi.webm
[download]   0.0% of    2.86MiB at   13.83KiB/s ETA 03:31
[download]   0.1% of    2.86MiB at   15.02KiB/s ETA 03:14
[download]   0.2% of    2.86MiB at   21.11KiB/s ETA 02:18
[download]   0.5% of    2.86MiB at   29.86KiB/s ETA 01:37
[download]   1.1% of    2.86MiB at   56.38KiB/s ETA 00:51
[download]   2.1% of    2.86MiB at   96.71KiB/s ETA 00:29
[download]   4.3% of    2.86MiB at  158.45KiB/s ETA 00:17
[download]   8.7% of    2.86MiB at  271.24KiB/s ETA 00:09
[download]  17.4% of    2.86MiB at  444.41KiB/s ETA 00:05
[download]  34.9% of    2.86MiB at  621.87KiB/s ETA 00:03
[download]  69.8% of    2.86MiB at  814.98KiB/s ETA 00:01
[download] 100.0% of    2.86MiB at  880.63KiB/s ETA 00:00
[download] 100% of    2.86MiB in 00:00:03 at 818.86KiB/s
[ExtractAudio] Destination: C:\Users\Nathanaëlle\Downloads\Regardez-moi.mp3
Deleting original file C:\Users\Nathanaëlle\Downloads\Regardez-moi.webm (pass -k to keep)
NEW URL: https://music.youtube.com/watch?v=bb0j-HHu24s
[youtube] Extracting URL: https://music.youtube.com/watch?v=bb0j-HHu24s
[youtube] bb0j-HHu24s: Downloading webpage
[youtube] bb0j-HHu24s: Downloading ios player API JSON
[youtube] bb0j-HHu24s: Downloading mweb player API JSON
[youtube] bb0j-HHu24s: Downloading ios music player API JSON
[youtube] bb0j-HHu24s: Downloading player 37364e28
WARNING: [youtube] bb0j-HHu24s: Signature extraction failed: Some formats may be missing
[youtube] bb0j-HHu24s: Downloading m3u8 information
[info] bb0j-HHu24s: Downloading 1 format(s): 251
[download] Destination: C:\Users\Nathanaëlle\Downloads\On s'écrira.webm
[download]   0.0% of    2.77MiB at   36.25KiB/s ETA 01:18
[download]   0.1% of    2.77MiB at   15.02KiB/s ETA 03:08
[download]   0.2% of    2.77MiB at   18.65KiB/s ETA 02:31
[download]   0.5% of    2.77MiB at   29.66KiB/s ETA 01:35
[download]   1.1% of    2.77MiB at   50.34KiB/s ETA 00:55
[download]   2.2% of    2.77MiB at   91.50KiB/s ETA 00:30
[download]   4.5% of    2.77MiB at  174.05KiB/s ETA 00:15
[download]   9.0% of    2.77MiB at  328.06KiB/s ETA 00:07
[download]  18.0% of    2.77MiB at  543.58KiB/s ETA 00:04
[download]  36.0% of    2.77MiB at  745.48KiB/s ETA 00:02
[download]  72.1% of    2.77MiB at  915.70KiB/s ETA 00:00
[download] 100.0% of    2.77MiB at  941.52KiB/s ETA 00:00
[download] 100% of    2.77MiB in 00:00:03 at 869.85KiB/s
[ExtractAudio] Destination: C:\Users\Nathanaëlle\Downloads\On s'écrira.mp3
Deleting original file C:\Users\Nathanaëlle\Downloads\On s'écrira.webm (pass -k to keep)
NEW URL: https://music.youtube.com/watch?v=uNr-9ajB5vk
NEW URL: https://music.youtube.com/playlist?list=PLHN0SCs81_xmjwEQzh42bOI-YSqGEZ3-U
[youtube:tab] Extracting URL: https://music.youtube.com/playlist?list=PLHN0SCs81_xmjwEQzh42bOI-YSqGEZ3-U
WARNING: [youtube:tab] YouTube Music is not directly supported. Redirecting to https://www.youtube.com/playlist?list=PLHN0SCs81_xmjwEQzh42bOI-YSqGEZ3-U
[youtube:tab] PLHN0SCs81_xmjwEQzh42bOI-YSqGEZ3-U: Downloading webpage
[youtube:tab] PLHN0SCs81_xmjwEQzh42bOI-YSqGEZ3-U: Redownloading playlist API JSON with unavailable videos
[download] Downloading playlist: A télécharger
[youtube:tab] PLHN0SCs81_xmjwEQzh42bOI-YSqGEZ3-U page 1: Downloading API JSON
[youtube:tab] Playlist A télécharger: Downloading 2 items of 2
[download] Downloading item 1 of 2
[download] Downloading item 2 of 2
[download] Finished downloading playlist: A télécharger
NEW URL: https://music.youtube.com/playlist?list=PLHN0SCs81_xmjwEQzh42bOI-YSqGEZ3-U
[youtube:tab] Extracting URL: https://music.youtube.com/playlist?list=PLHN0SCs81_xmjwEQzh42bOI-YSqGEZ3-U
NEW URL: https://music.youtube.com/playlist?list=PLHN0SCs81_xmjwEQzh42bOI-YSqGEZ3-U
[youtube:tab] Extracting URL: https://music.youtube.com/playlist?list=PLHN0SCs81_xmjwEQzh42bOI-YSqGEZ3-U
WARNING: [youtube:tab] YouTube Music is not directly supported. Redirecting to https://www.youtube.com/playlist?list=PLHN0SCs81_xmjwEQzh42bOI-YSqGEZ3-U
[youtube:tab] PLHN0SCs81_xmjwEQzh42bOI-YSqGEZ3-U: Downloading webpage
[youtube:tab] PLHN0SCs81_xmjwEQzh42bOI-YSqGEZ3-U: Redownloading playlist API JSON with unavailable videos
[download] Downloading playlist: A télécharger
[youtube:tab] PLHN0SCs81_xmjwEQzh42bOI-YSqGEZ3-U page 1: Downloading API JSON
[youtube:tab] Playlist A télécharger: Downloading 2 items of 2
[download] Downloading item 1 of 2
[download] Downloading item 2 of 2
[download] Finished downloading playlist: A télécharger
NEW URL: https://music.youtube.com/playlist?list=PLHN0SCs81_xmjwEQzh42bOI-YSqGEZ3-U
[youtube:tab] Extracting URL: https://music.youtube.com/playlist?list=PLHN0SCs81_xmjwEQzh42bOI-YSqGEZ3-U
NEW URL: https://music.youtube.com/playlist?list=PLHN0SCs81_xmjwEQzh42bOI-YSqGEZ3-U
[youtube:tab] Extracting URL: https://music.youtube.com/playlist?list=PLHN0SCs81_xmjwEQzh42bOI-YSqGEZ3-U
WARNING: [youtube:tab] YouTube Music is not directly supported. Redirecting to https://www.youtube.com/playlist?list=PLHN0SCs81_xmjwEQzh42bOI-YSqGEZ3-U
[youtube:tab] PLHN0SCs81_xmjwEQzh42bOI-YSqGEZ3-U: Downloading webpage
[youtube:tab] PLHN0SCs81_xmjwEQzh42bOI-YSqGEZ3-U: Redownloading playlist API JSON with unavailable videos
[download] Downloading playlist: A télécharger
[youtube:tab] PLHN0SCs81_xmjwEQzh42bOI-YSqGEZ3-U page 1: Downloading API JSON
[youtube:tab] Playlist A télécharger: Downloading 2 items of 2
[download] Downloading item 1 of 2
[download] Downloading item 2 of 2
[download] Finished downloading playlist: A télécharger
NEW URL: https://music.youtube.com/playlist?list=PLHN0SCs81_xmjwEQzh42bOI-YSqGEZ3-U
[youtube:tab] Extracting URL: https://music.youtube.com/playlist?list=PLHN0SCs81_xmjwEQzh42bOI-YSqGEZ3-U
NEW URL: https://music.youtube.com/playlist?list=PLHN0SCs81_xmjwEQzh42bOI-YSqGEZ3-U
[youtube:tab] Extracting URL: https://music.youtube.com/playlist?list=PLHN0SCs81_xmjwEQzh42bOI-YSqGEZ3-U
WARNING: [youtube:tab] YouTube Music is not directly supported. Redirecting to https://www.youtube.com/playlist?list=PLHN0SCs81_xmjwEQzh42bOI-YSqGEZ3-U
[youtube:tab] PLHN0SCs81_xmjwEQzh42bOI-YSqGEZ3-U: Downloading webpage
[youtube:tab] PLHN0SCs81_xmjwEQzh42bOI-YSqGEZ3-U: Redownloading playlist API JSON with unavailable videos
[download] Downloading playlist: A télécharger
[youtube:tab] PLHN0SCs81_xmjwEQzh42bOI-YSqGEZ3-U page 1: Downloading API JSON
[youtube:tab] Playlist A télécharger: Downloading 2 items of 2
[download] Downloading item 1 of 2
[download] Downloading item 2 of 2
[download] Finished downloading playlist: A télécharger
NEW URL: https://music.youtube.com/playlist?list=PLHN0SCs81_xmjwEQzh42bOI-YSqGEZ3-U
[youtube:tab] Extracting URL: https://music.youtube.com/playlist?list=PLHN0SCs81_xmjwEQzh42bOI-YSqGEZ3-U
NEW URL: https://music.youtube.com/playlist?list=PLHN0SCs81_xmjwEQzh42bOI-YSqGEZ3-U
NEW URL: https://music.youtube.com/playlist?list=PLHN0SCs81_xmjwEQzh42bOI-YSqGEZ3-U
NEW URL: https://music.youtube.com/playlist?list=PLHN0SCs81_xmjwEQzh42bOI-YSqGEZ3-U
NEW URL: https://music.youtube.com/playlist?list=PLHN0SCs81_xmjwEQzh42bOI-YSqGEZ3-U
[youtube:tab] Extracting URL: https://music.youtube.com/playlist?list=PLHN0SCs81_xmjwEQzh42bOI-YSqGEZ3-U
WARNING: [youtube:tab] YouTube Music is not directly supported. Redirecting to https://www.youtube.com/playlist?list=PLHN0SCs81_xmjwEQzh42bOI-YSqGEZ3-U
[youtube:tab] PLHN0SCs81_xmjwEQzh42bOI-YSqGEZ3-U: Downloading webpage
[youtube:tab] PLHN0SCs81_xmjwEQzh42bOI-YSqGEZ3-U: Redownloading playlist API JSON with unavailable videos
[download] Downloading playlist: A télécharger
[youtube:tab] PLHN0SCs81_xmjwEQzh42bOI-YSqGEZ3-U page 1: Downloading API JSON
[youtube:tab] Playlist A télécharger: Downloading 2 items of 2
[download] Downloading item 1 of 2
[download] Downloading item 2 of 2
[download] Finished downloading playlist: A télécharger
NEW URL: https://music.youtube.com/playlist?list=PLHN0SCs81_xmjwEQzh42bOI-YSqGEZ3-U
[youtube:tab] Extracting URL: https://music.youtube.com/playlist?list=PLHN0SCs81_xmjwEQzh42bOI-YSqGEZ3-U
NEW URL: https://music.youtube.com/playlist?list=PLHN0SCs81_xmjwEQzh42bOI-YSqGEZ3-U
[youtube:tab] Extracting URL: https://music.youtube.com/playlist?list=PLHN0SCs81_xmjwEQzh42bOI-YSqGEZ3-U
NEW URL: https://music.youtube.com/playlist?list=PLHN0SCs81_xmjwEQzh42bOI-YSqGEZ3-U
[youtube:tab] Extracting URL: https://music.youtube.com/playlist?list=PLHN0SCs81_xmjwEQzh42bOI-YSqGEZ3-U
[2025-01-28 14:41:58] : NEW URL: https://music.youtube.com/playlist?list=PLHN0SCs81_xmjwEQzh42bOI-YSqGEZ3-U
[2025-01-28 14:41:59] : [youtube:tab] Extracting URL: https://music.youtube.com/playlist?list=PLHN0SCs81_xmjwEQzh42bOI-YSqGEZ3-U
